# Event details:
FormatVersion 1

EventType Circuit

PlayerCount 20
# Format: <index> <id> <team> <name>

0 76561198071671577 0 darren.gurney
1 76561198321503669 0 [WUB] setamies000
2 76561198049425408 0 [WUB] Ihmelurkku
3 76561198072035196 0 [VSR] 8bWaffle
4 76561198010682096 0 HENDRIK
5 76561197992427676 0 Pera230
6 76561198813518085 0 [COG] Igiava
7 76561198067052139 0 Jormeli
8 76561198096169747 0 [SDA] cyberpunk_42
9 76561198038978283 0 [SR] Wispa Gold
10 76561197960585277 0 [HJR] Grandie
11 76561198116910605 0 [TKR] hiivatti
12 76561198979803801 0 [GR] ChargedJT
13 76561198055146098 0 [SR] Frozeni
14 76561197982925324 0 [WAN] CouchFerret
15 76561198067261467 0 [WAN] JBence
16 76561198131829686 0 [VSR] McVizn
17 76561198006797349 0 [HJR] S ΣaⓁ hßD
18 76561198313054452 0 [GMT] Akram
19 76561198066556060 0 [SDA] Whiplash

TireCompoundCount 3
# Format: <index> <name> <max wear> <max performance>

0 Soft 880000 1
1 Medium 1200000 0.9
2 Hard 1520000 0.8

MaxFuel 345000
# One second of full gas takes 150 units of fuel.

Events
# Format: <time> <event> <player> <laps completed> <fuel> <tire wear> <tire compound> <hit points>

84600 Start 13 0 324299 44 1 10000 
84600 Start 10 0 313949 43 0 10000 
84600 Start 12 0 331199 44 1 10000 
84600 Start 9 0 327749 44 1 10000 
84600 Start 14 0 327749 39 0 10000 
84600 Start 16 0 320850 44 0 10000 
84600 Start 18 0 324299 46 0 10000 
84600 Start 11 0 331199 46 2 10000 
84600 Start 15 0 327749 44 0 10000 
84600 Start 4 0 327749 44 1 10000 
84600 Start 8 0 324299 54 0 10000 
84600 Start 0 0 327749 44 2 10000 
84600 Start 7 0 317399 44 1 10000 
84600 Start 17 0 313949 44 1 10000 
84600 Start 6 0 324299 43 2 10000 
84600 Start 1 0 320850 44 1 10000 
84600 Start 5 0 296699 44 2 10000 
84600 Start 3 0 320850 44 0 10000 
84600 Start 2 0 327749 44 0 10000 
84600 Start 19 0 317399 44 0 10000 
822266 Lap 13 1 314573 51311 1 10000 
828944 Lap 10 1 304520 49387 0 10000 
837893 Lap 9 1 318230 48738 1 10000 
843103 Lap 16 1 311178 50928 0 10000 
843838 Lap 12 1 321701 50580 1 10000 
849464 Lap 18 1 314639 51486 0 10000 
851000 Lap 14 1 318107 51778 0 10000 
861853 Lap 8 1 314811 47266 0 10000 
868713 Lap 4 1 318362 46737 1 10000 
870018 Lap 15 1 318425 44592 0 10000 
871033 Lap 11 1 321626 46488 2 10000 
872508 Lap 7 1 307913 45620 1 10000 
879431 Lap 0 1 317870 50641 2 10000 
879903 Lap 17 1 304133 49266 1 10000 
884539 Lap 6 1 314285 50525 2 10000 
894602 Lap 3 1 311072 49064 0 10000 
900656 Lap 5 1 287015 47297 2 10000 
903424 Lap 1 1 311100 48722 1 10000 
905319 Lap 2 1 318200 55694 0 10000 
907712 Lap 19 1 307538 52248 0 10000 
1513890 Lap 13 2 305702 104310 1 10000 
1515039 Lap 10 2 295853 100304 0 10000 
1527599 Lap 9 2 309421 101147 1 10000 
1540295 Lap 12 2 312804 103493 1 10000 
1540364 Lap 16 2 302286 105646 0 10000 
1546874 Lap 14 2 309440 102669 0 10000 
1549498 Lap 18 2 305702 105901 0 10000 
1551202 Lap 15 2 309920 94646 0 10000 
1554963 Lap 8 2 306026 99056 0 10000 
1581669 Lap 17 2 295514 98702 1 10000 
1583720 Lap 11 2 312704 99950 2 10000 
1584898 Lap 7 2 299354 93569 1 10000 
1587830 Lap 0 2 309005 107935 2 10000 
1592338 Lap 4 2 309824 92363 1 10000 
1599887 Lap 6 2 305318 104184 2 10000 
1604847 Lap 5 2 278537 96519 2 10000 
1606133 Lap 3 2 302192 101426 0 10000 
1615640 Lap 1 2 302562 97284 1 10000 
1616486 Lap 19 2 298529 111701 0 10000 
1654392 Lap 2 2 309371 110390 0 10000 
2206736 Lap 10 3 287015 155274 0 10000 
2210236 Lap 13 3 296603 163379 1 10000 
2220105 Lap 9 3 300540 154599 1 10000 
2234817 Lap 16 3 293358 160447 0 10000 
2235200 Lap 14 3 300902 154212 0 10000 
2238903 Lap 12 3 303723 159732 1 10000 
2244372 Lap 18 3 296813 160618 0 10000 
2245359 Lap 15 3 301496 143675 0 10000 
2252228 Lap 8 3 297600 147857 0 10000 
2271428 Lap 17 3 286883 148902 1 10000 
2283473 Lap 11 3 303965 150355 2 10000 
2286863 Lap 7 3 290960 140924 1 10000 
2291848 Lap 4 3 301301 140045 1 10000 
2301490 Lap 0 3 300071 163617 2 10000 
2302216 Lap 3 3 293329 155836 0 9892 
2308450 Lap 6 3 296369 156788 2 10000 
2319165 Lap 5 3 269873 145761 2 9880 
2322667 Lap 19 3 289592 166887 0 10000 
2342180 Lap 1 3 293645 150127 1 10000 
2355265 Lap 2 3 300935 157879 0 10000 
2886760 Lap 10 4 278087 210639 0 10000 
2894299 Lap 13 4 287744 217318 1 10000 
2909559 Lap 9 4 291756 209402 1 10000 
2920558 Lap 16 4 284631 213337 0 10000 
2927658 Lap 12 4 294834 214362 1 10000 
2938333 Lap 15 4 292925 193985 0 10000 
2939157 Lap 14 4 292226 206889 0 10000 
2940988 Lap 8 4 289119 198184 0 10000 
2949528 Lap 18 4 287834 218145 0 10000 
2954774 Lap 17 4 278234 199888 1 10000 
2972752 Lap 7 4 282275 192339 1 10000 
3000378 Lap 4 4 292727 187795 1 10000 
3008375 Lap 3 4 284207 211853 0 9892 
3010850 Lap 11 4 295232 205591 2 10000 
3017111 Lap 6 4 287537 207818 2 10000 
3032675 Lap 0 4 291149 222381 2 10000 
3034751 Lap 5 4 261407 191148 2 9880 
3035363 Lap 19 4 280811 219492 0 10000 
3039341 Lap 1 4 284829 202850 1 10000 
3126641 Lap 2 4 291749 205887 0 9610 
3566588 Lap 10 5 269342 264568 0 10000 
3575344 Lap 13 5 278810 272625 1 10000 
3597848 Lap 9 5 282972 261997 1 10000 
3602613 Lap 16 5 275724 267895 0 10000 
3607338 Lap 12 5 286051 268539 1 10000 
3630929 Lap 8 5 280602 248230 0 10000 
3636101 Lap 15 5 284288 245919 0 10000 
3645216 Lap 18 5 278849 272277 0 10000 
3647832 Lap 14 5 283592 259583 0 10000 
3650808 Lap 17 5 269819 248732 1 10000 
3660316 Lap 7 5 273401 246327 1 10000 
3690656 Lap 4 5 284222 235842 1 10000 
3702523 Lap 11 5 286364 258975 2 10000 
3717331 Lap 3 5 275257 268768 0 9892 
3717367 Lap 6 5 278648 260451 2 10000 
3736285 Lap 0 5 282476 272642 2 10000 
3743638 Lap 5 5 252728 241900 2 9880 
3746638 Lap 19 5 272237 271934 0 10000 
3755041 Lap 1 5 276148 255482 1 10000 
3833823 Lap 2 5 283397 251275 0 9610 
4248376 Lap 10 6 260552 318722 0 10000 
4258128 Lap 13 6 269867 327980 1 10000 
4285816 Lap 9 6 274218 315800 1 10000 
4289438 Lap 12 6 277248 323987 1 10000 
4292281 Lap 16 6 266970 324512 0 10000 
4313009 Lap 8 6 272062 299180 0 10000 
4321939 Lap 15 6 275702 297560 0 10000 
4336657 Lap 14 6 275072 311021 0 10000 
4343423 Lap 18 6 269771 331751 0 10000 
4345876 Lap 17 6 261455 299097 1 10000 
4384611 Lap 4 6 275615 284970 1 10000 
4393576 Lap 11 6 277529 311622 2 10000 
4408950 Lap 3 6 266383 322803 0 9892 
4422016 Lap 6 6 269855 311454 2 10000 
4439780 Lap 0 6 273719 324076 2 10000 
4440144 Lap 7 6 263708 300420 1 9434 
4442131 Lap 19 6 263579 326129 0 10000 
4454305 Lap 1 6 267428 307713 1 10000 
4478327 Lap 5 6 243767 304490 2 9880 
4539532 Lap 2 6 274814 300009 0 9610 
4924553 Lap 10 7 251744 373216 0 10000 
4942606 Lap 13 7 260948 385802 1 10000 
4975853 Lap 9 7 265457 368186 1 10000 
4977067 Lap 16 7 258285 378395 0 10000 
4980937 Lap 12 7 268567 377317 1 10000 
4994492 Lap 8 7 263441 351312 0 10000 
5005303 Lap 15 7 267047 349278 0 10000 
5015789 Lap 14 7 266438 364760 0 10000 
5032105 Lap 17 7 253094 348005 1 10000 
5034406 Lap 18 7 260771 389528 0 10000 
5073818 Lap 4 7 267086 334499 1 10000 
5081010 Lap 11 7 268619 365459 2 10000 
5099604 Lap 3 7 257498 377525 0 9892 
5117148 Lap 6 7 261092 363003 2 10000 
5141422 Lap 0 7 265079 373849 2 10000 
5146545 Lap 19 7 254918 378682 0 10000 
5153486 Lap 7 7 254963 351903 1 9434 
5159692 Lap 1 7 258826 358529 1 10000 
5244239 Lap 2 7 266219 349786 0 9610 
5245382 Lap 5 7 234359 363030 2 9346 
5603445 Lap 10 8 242957 427829 0 10000 
5633006 Lap 13 8 251993 442447 1 10000 
5663589 Lap 16 8 249492 433080 0 10000 
5667543 Lap 9 8 256687 421643 1 10000 
5670800 Lap 12 8 259787 432624 1 10000 
5680247 Lap 8 8 254869 403285 0 10000 
5685683 Lap 15 8 258578 399391 0 10000 
5699316 Lap 14 8 257804 417099 0 10000 
5716546 Lap 17 8 244490 399047 1 10000 
5724952 Lap 18 8 251843 452689 0 10000 
5768271 Lap 4 8 258617 382441 1 10000 
5779342 Lap 11 8 259757 421744 2 10000 
5795323 Lap 3 8 248560 432775 0 9892 
5809451 Lap 6 8 252257 415491 2 10000 
5835726 Lap 0 8 256487 423932 2 10000 
5841630 Lap 7 8 246167 404216 1 9434 
5841887 Lap 19 8 246038 437780 0 10000 
5855480 Lap 1 8 250057 412150 1 10000 
5945847 Lap 2 8 257708 398585 0 9610 
6056543 Lap 5 8 224868 410819 2 8583 
6132600 PitIn 5 8 224552 411905 2 8608 
6133400 PitOut 5 8 224551 411905 2 8683 
6135000 PitIn 5 8 224544 411905 2 8708 
6177600 PitOut 5 8 224543 0 2 10000 
6286374 Lap 10 9 234086 483247 0 10000 
6313681 Lap 13 9 243215 496621 1 10000 
6345724 Lap 16 9 240699 487101 0 10000 
6373639 Lap 12 9 250794 489856 1 9887 
6376374 Lap 8 9 246115 455199 0 9873 
6384596 Lap 15 9 250025 451050 0 10000 
6391755 Lap 14 9 249227 469131 0 10000 
6410744 Lap 9 9 247277 477922 1 9739 
6433785 Lap 18 9 242912 505310 0 10000 
6457564 Lap 4 9 250070 432393 1 10000 
6476809 Lap 11 9 250754 482074 2 10000 
6479620 Lap 17 9 235079 452669 1 9136 
6485185 Lap 3 9 239594 487593 0 9892 
6519807 Lap 6 9 243272 469499 2 10000 
6532416 Lap 0 9 247793 475398 2 10000 
6538097 Lap 19 9 237326 491598 0 10000 
6550375 Lap 1 9 241314 465065 1 10000 
6584970 Lap 7 9 236813 471803 1 9434 
6650232 Lap 2 9 249218 447613 0 9610 
6923312 Lap 5 9 215855 46965 2 10000 
6995720 Lap 10 10 225377 536163 0 10000 
7000364 Lap 13 10 234410 551210 1 10000 
7030717 Lap 16 10 231858 541747 0 10000 
7054529 Lap 12 10 241916 545744 1 9887 
7073600 PitIn 10 10 225044 537382 0 10000 
7075999 Lap 15 10 241355 504489 0 10000 
7078728 Lap 14 10 240572 521654 0 10000 
7090188 Lap 8 10 237460 507863 0 9873 
7101170 Lap 9 10 238521 530513 1 9739 
7106000 PitOut 10 10 225043 0 1 10000 
7147134 Lap 4 10 241538 482717 1 10000 
7165684 Lap 11 10 241925 535674 2 10000 
7168247 Lap 18 10 233801 567769 0 10000 
7169600 PitIn 8 10 237123 509028 0 9898 
7170200 PitOut 8 10 237122 509028 0 9948 
7171000 PitIn 8 10 237119 509028 0 9973 
7176421 Lap 17 10 226556 505130 1 9136 
7192784 Lap 3 10 230620 542077 0 9892 
7202400 PitOut 8 10 237118 0 2 10000 
7224005 Lap 6 10 234425 522836 2 9968 
7230893 Lap 0 10 239246 525039 2 10000 
7241391 Lap 1 10 232505 519183 1 10000 
7245400 PitIn 18 10 233471 568988 0 10000 
7246000 PitOut 18 10 233470 568988 0 10000 
7246200 PitIn 18 10 233470 568988 0 10000 
7269909 Lap 19 10 228731 544580 0 10000 
7276045 Lap 7 10 227831 531262 1 9434 
7279800 PitOut 18 10 233468 0 0 10000 
7348600 PitIn 19 10 228402 545752 0 10000 
7349200 PitOut 19 10 228401 545752 0 10000 
7349800 PitIn 19 10 228399 545752 0 10000 
7356267 Lap 2 10 240758 495400 0 9610 
7383000 PitOut 19 10 228398 0 2 10000 
7637282 Lap 5 10 207335 98044 2 10000 
7683479 Lap 13 11 225650 605446 1 10000 
7735773 Lap 12 11 233105 600515 1 9887 
7744069 Lap 16 11 223060 595342 0 10000 
7791810 Lap 9 11 229840 582955 1 9739 
7800157 Lap 14 11 231843 578397 0 10000 
7805171 Lap 15 11 232724 560835 0 10000 
7807722 Lap 10 11 216288 48191 1 10000 
7824000 PitIn 16 11 222716 596591 0 10000 
7838800 PitIn 15 11 232616 561568 0 10000 
7839136 Lap 4 11 232925 532998 1 10000 
7839600 PitOut 15 11 232615 561568 0 10000 
7841200 PitIn 15 11 232608 561568 0 10000 
7849000 PitIn 14 11 231659 579274 0 10000 
7855400 PitOut 16 11 222715 0 1 10000 
7856645 Lap 11 11 232955 592438 2 10000 
7871523 Lap 17 11 217871 556083 1 9136 
7874200 PitOut 15 11 232607 0 1 10000 
7881200 PitOut 14 11 231658 0 1 10000 
7921288 Lap 8 11 228329 52057 2 10000 
7925797 Lap 6 11 225761 576157 2 9968 
7933265 Lap 3 11 221489 598104 0 9892 
7940224 Lap 0 11 230606 576439 2 10000 
7967464 Lap 7 11 219059 584679 1 9434 
7994335 Lap 18 11 224541 49353 0 10000 
8014800 PitIn 3 11 221164 599235 0 9917 
8015600 PitOut 3 11 221163 599235 0 9992 
8016800 PitIn 3 11 221158 599235 0 10000 
8049200 PitOut 3 11 221157 0 1 10000 
8058923 Lap 1 11 222811 579113 1 9738 
8084865 Lap 2 11 232284 543211 0 9610 
8097864 Lap 19 11 219565 49476 2 10000 
8119600 PitIn 2 11 232166 544025 0 9635 
8141400 PitIn 1 11 222483 580273 1 9763 
8142000 PitOut 1 11 222482 580273 1 9813 
8142600 PitIn 1 11 222480 580273 1 9838 
8150400 PitOut 2 11 232165 0 0 10000 
8176200 PitOut 1 11 222479 0 1 10000 
8331667 Lap 5 11 198989 148379 2 10000 
8368282 Lap 13 12 216866 659815 1 10000 
8421068 Lap 12 12 224255 656395 1 9887 
8521727 Lap 9 12 220667 636351 1 7192 
8534804 Lap 4 12 224270 584420 1 10000 
8551268 Lap 10 12 206880 113637 1 7752 
8553511 Lap 11 12 224024 648651 2 10000 
8563080 Lap 16 12 213882 49414 1 10000 
8607301 Lap 17 12 209155 608730 1 9136 
8608443 Lap 8 12 219788 103862 2 10000 
8632471 Lap 6 12 217061 628691 2 9968 
8633612 Lap 14 12 222706 47727 1 10000 
8636507 Lap 0 12 222116 627191 2 10000 
8652657 Lap 15 12 223606 50492 1 10000 
8656333 Lap 7 12 210236 638966 1 9434 
8682475 Lap 18 12 215790 104418 0 10000 
8686200 PitIn 17 12 208829 609864 1 9161 
8687000 PitOut 17 12 208828 609864 1 9236 
8688000 PitIn 17 12 208824 609864 1 9261 
8720400 PitOut 17 12 208823 0 0 10000 
8756862 Lap 3 12 212239 50073 1 10000 
8790902 Lap 19 12 210853 102747 2 10000 
8889646 Lap 1 12 213849 47257 1 10000 
8913576 Lap 2 12 223320 48911 0 10000 
9056718 Lap 13 13 208103 713698 1 10000 
9104186 Lap 12 13 215305 712887 1 9887 
9127276 Lap 5 12 189254 217135 2 9106 
9228614 Lap 4 13 215648 634819 1 10000 
9250564 Lap 16 13 205017 105439 1 10000 
9257353 Lap 10 13 197970 166797 1 7752 
9260200 Lap 11 13 215483 699459 2 10000 
9278412 Lap 9 13 211537 694514 1 7192 
9293830 Lap 8 13 211208 155930 2 10000 
9334746 Lap 14 13 214069 101462 1 10000 
9341853 Lap 15 13 215284 99914 1 10000 
9345400 PitIn 9 13 211262 695578 1 7217 
9345273 Lap 0 13 213443 681148 2 10000 
9346200 PitOut 9 13 211261 695578 1 7292 
9347200 PitIn 9 13 211257 695578 1 7317 
9373325 Lap 7 13 201673 692840 1 9434 
9373211 Lap 18 13 206952 167690 0 10000 
9378400 PitOut 9 13 211256 0 0 10000 
9418313 Lap 6 13 206912 681972 2 9042 
9425468 Lap 17 13 200298 46892 0 10000 
9442731 Lap 3 13 203390 107708 1 10000 
9446000 PitIn 7 13 201369 693967 1 9459 
9446600 PitOut 7 13 201368 693967 1 9509 
9447200 PitIn 7 13 201366 693967 1 9534 
9478800 PitOut 7 13 201365 0 0 10000 
9478856 Lap 19 13 202123 157478 2 10000 
9602197 Lap 1 13 205039 106202 1 10000 
9612387 Lap 2 13 214926 101448 0 10000 
9770162 Lap 13 14 199085 773328 1 10000 
9798367 Lap 12 14 206302 771272 1 9887 
9842023 Lap 5 13 180815 266293 2 9106 
9850600 PitIn 13 14 198738 774587 1 10000 
9851400 PitOut 13 14 198737 774587 1 10000 
9851800 PitIn 13 14 198736 774587 1 10000 
9883800 PitOut 13 14 198735 0 0 10000 
9932450 Lap 16 14 196341 160055 1 10000 
9959459 Lap 4 14 206999 685909 1 10000 
9977937 Lap 10 14 188985 215508 1 5822 
9983814 Lap 8 14 202563 208518 2 10000 
10013697 Lap 14 14 205588 154439 1 10000 
10025851 Lap 15 14 206875 150214 1 10000 
10035200 PitIn 4 14 206680 687066 1 10000 
10037637 Lap 0 14 204893 733339 2 10000 
10059875 Lap 18 14 198129 223205 0 10000 
10062876 Lap 11 14 205892 770328 2 7423 
10067800 PitOut 4 14 206679 0 0 10000 
10094949 Lap 9 14 202437 49795 0 10000 
10100727 Lap 17 14 191802 101344 0 10000 
10133816 Lap 3 14 194405 164766 1 10000 
10140466 Lap 6 14 198113 733733 2 9042 
10167755 Lap 19 14 193402 212256 2 10000 
10182793 Lap 7 14 192519 50107 0 10000 
10288835 Lap 1 14 196453 161149 1 10000 
10292059 Lap 2 14 206595 152167 0 10000 
10489842 Lap 12 15 197306 828434 1 9887 
10548446 Lap 5 14 172487 313591 2 9106 
10577767 Lap 13 15 189977 50461 0 10000 
10614505 Lap 16 15 187542 216662 1 10000 
10676317 Lap 8 15 194083 260138 2 10000 
10694061 Lap 14 15 197071 207508 1 10000 
10710365 Lap 15 15 198466 201645 1 10000 
10733890 Lap 10 15 180187 261895 1 5822 
10746111 Lap 18 15 189453 278858 0 10000 
10779401 Lap 9 15 193751 105760 0 10000 
10782357 Lap 17 15 183543 152458 0 10000 
10794911 Lap 0 15 195839 795793 2 9857 
10797141 Lap 4 15 198196 44445 0 10000 
10811200 PitIn 10 15 179860 263092 1 5847 
10821590 Lap 3 15 185659 219996 1 10000 
10843400 PitOut 10 15 179859 0 2 9847 
10857097 Lap 6 15 189026 790958 2 9042 
10860843 Lap 7 15 183984 104175 0 10000 
10864288 Lap 19 15 184735 267794 2 10000 
10981832 Lap 2 15 198429 200914 0 10000 
11010685 Lap 1 15 187829 214215 1 10000 
11209074 Lap 12 16 188353 885421 1 9887 
11253923 Lap 13 16 181220 107936 0 10000 
11264756 Lap 5 15 164012 366127 2 9106 
11286400 PitIn 12 16 188022 886640 1 9912 
11293977 Lap 16 16 178887 271624 1 10000 
11319000 PitOut 12 16 188021 0 2 10000 
11362445 Lap 8 16 185473 313734 2 10000 
11368154 Lap 14 16 188518 261768 1 10000 
11389515 Lap 15 16 190093 252628 1 10000 
11434288 Lap 18 16 180750 334657 0 10000 
11456157 Lap 9 16 185191 160787 0 10000 
11458160 Lap 17 16 175320 205056 0 10000 
11483618 Lap 4 16 189829 95433 0 10000 
11497256 Lap 0 16 187310 845600 2 9857 
11514396 Lap 3 16 176596 282782 1 10000 
11543546 Lap 7 16 175428 159182 0 10000 
11564067 Lap 19 16 176251 320022 2 10000 
11576991 Lap 6 16 180065 845275 2 9042 
11576882 Lap 10 16 171336 45941 2 9847 
11671730 Lap 2 16 190146 251072 0 10000 
11705761 Lap 1 16 179448 265183 1 10000 
11923210 Lap 13 17 172514 168399 0 10000 
11964922 Lap 5 16 155633 416059 2 9106 
11971906 Lap 16 17 170208 327751 1 10000 
12023949 Lap 12 17 179018 52301 2 10000 
12049767 Lap 8 17 176937 367053 2 10000 
12051733 Lap 14 17 180046 315165 1 10000 
12068283 Lap 15 17 181711 304049 1 10000 
12120127 Lap 18 17 171972 391084 0 10000 
12137601 Lap 9 17 176594 215654 0 10000 
12140140 Lap 17 17 167136 256943 0 10000 
12164987 Lap 4 17 181369 147520 0 10000 
12200986 Lap 0 17 178877 895016 2 9857 
12202916 Lap 3 17 167871 339038 1 10000 
12219820 Lap 7 17 166956 213275 0 10000 
12258776 Lap 10 17 162834 100325 2 9847 
12262518 Lap 19 17 167512 375940 2 10000 
12283753 Lap 6 17 171314 900012 2 9042 
12361176 Lap 2 17 181899 300293 0 10000 
12397770 Lap 1 17 171029 317320 1 10000 
12591927 Lap 13 18 163916 224927 0 10000 
12650483 Lap 16 18 161538 383541 1 10000 
12684664 Lap 5 17 147077 476221 2 9106 
12701928 Lap 12 18 170300 112507 2 10000 
12729169 Lap 14 18 171565 369789 1 10000 
12737652 Lap 8 18 168390 422082 2 10000 
12745023 Lap 15 18 173254 357782 1 10000 
12815025 Lap 17 18 158814 310414 0 10000 
12817171 Lap 18 18 163110 455293 0 10000 
12834649 Lap 9 18 167839 277380 0 10000 
12848656 Lap 4 18 172945 199408 0 10000 
12890459 Lap 3 18 159204 396113 1 10000 
12904704 Lap 0 18 170420 945377 2 9857 
12905637 Lap 7 18 158553 267140 0 10000 
12939787 Lap 10 18 154113 156168 2 9847 
12950595 Lap 19 18 158854 431117 2 10000 
12994567 Lap 6 18 162404 953284 2 9042 
13048676 Lap 2 18 173778 348814 0 10000 
13099888 Lap 1 18 162424 370708 1 10000 
13261746 Lap 13 19 155336 281766 0 10000 
13331369 Lap 16 19 152901 440847 1 10000 
13377311 Lap 12 19 161628 169022 2 10000 
13403035 Lap 5 18 138797 524721 2 9106 
13413974 Lap 14 19 163057 424115 1 10000 
13419349 Lap 8 19 159845 476050 2 10000 
13430219 Lap 15 19 164647 419681 1 10000 
13486778 Lap 17 19 150381 364955 0 10000 
13502806 Lap 18 19 154317 512204 0 10000 
13506428 Lap 9 19 159146 335003 0 10000 
13538801 Lap 4 19 164392 256680 0 10000 
13579284 Lap 3 19 150535 451444 1 10000 
13589744 Lap 7 19 150114 319591 0 10000 
13612808 Lap 0 19 161831 996576 2 9857 
13617064 Lap 10 19 145521 211785 2 9847 
13638225 Lap 19 19 150214 487432 2 10000 
13708583 Lap 6 19 153656 1005889 2 9042 
13737134 Lap 2 19 165546 398909 0 10000 
13787331 Lap 1 19 153905 425605 1 10000 
13931901 Lap 13 20 146783 338539 0 10000 
14013882 Lap 16 20 144150 500569 1 10000 
14096769 Lap 14 20 154672 478365 1 10000 
14121626 Lap 8 20 151202 537605 2 10000 
14123733 Lap 15 20 156334 470419 1 10000 
14135380 Lap 5 19 130529 574479 2 9106 
14137720 Lap 12 20 151909 227913 2 9584 
14162702 Lap 17 20 141951 418585 0 10000 
14179670 Lap 9 20 150631 390640 0 10000 
14212418 Lap 4 20 155941 310498 0 10000 
14231492 Lap 18 20 145292 574677 0 10000 
14263749 Lap 3 20 142052 505286 1 10000 
14264729 Lap 7 20 141858 371481 0 10000 
14304704 Lap 10 20 136794 268520 2 9847 
14308000 PitIn 18 20 144966 575914 0 10000 
14308600 PitOut 18 20 144965 575914 0 10000 
14309000 PitIn 18 20 144964 575914 0 10000 
14326105 Lap 0 20 153146 1048447 2 9857 
14331647 Lap 19 20 141577 542085 2 10000 
14341200 PitOut 18 20 144963 0 1 10000 
14433639 Lap 2 20 157302 448903 0 10000 
14460104 Lap 6 20 144603 1061339 2 9042 
14467106 Lap 1 20 145470 479183 1 10000 
14540800 PitIn 6 20 144258 1062569 2 9067 
14541600 PitOut 6 20 144257 1062569 2 9142 
14541800 PitIn 6 20 144257 1062569 2 9167 
14572600 PitOut 6 20 144256 0 1 10000 
14602627 Lap 13 21 138227 394906 0 10000 
14691972 Lap 16 21 135447 557571 1 10000 
14775923 Lap 14 21 146101 534559 1 10000 
14814763 Lap 8 21 142742 589959 2 10000 
14816447 Lap 15 21 148153 520757 1 10000 
14821275 Lap 12 21 143245 285309 2 9584 
14837400 Lap 5 20 122525 620397 2 9106 
14839564 Lap 17 21 133485 472561 0 10000 
14851331 Lap 9 21 142100 446390 0 10000 
14894399 Lap 4 21 147661 361258 0 10000 
14936338 Lap 7 21 133365 426735 0 10000 
14952773 Lap 3 21 133352 561995 1 10000 
14982816 Lap 10 21 128181 326007 2 9847 
15027513 Lap 19 21 133309 593161 2 10000 
15052260 Lap 18 21 136166 50944 1 10000 
15057003 Lap 0 21 144656 1099499 2 9857 
15129600 PitIn 0 21 144352 1100642 2 9882 
15130400 PitOut 0 21 144351 1100642 2 9957 
15130800 PitIn 0 21 144350 1100642 2 9982 
15140664 Lap 2 21 148935 500510 0 10000 
15148037 Lap 1 21 136916 534373 1 10000 
15163200 PitOut 0 21 144349 0 1 10000 
15275406 Lap 13 22 129572 453065 0 10000 
15299005 Lap 6 21 135357 55531 1 10000 
15370869 Lap 16 22 126732 615627 1 10000 
15458071 Lap 14 22 137659 587561 1 10000 
15504678 Lap 15 22 139846 574886 1 10000 
15505336 Lap 8 22 134227 643072 2 10000 
15506690 Lap 12 22 134799 339036 2 9584 
15513295 Lap 17 22 125121 526732 0 10000 
15528411 Lap 9 22 133483 502665 0 10000 
15548301 Lap 5 21 114296 671051 2 9106 
15571711 Lap 4 22 139270 413849 0 10000 
15615324 Lap 7 22 124824 482477 0 10000 
15644549 Lap 3 22 124857 616816 1 10000 
15660764 Lap 10 22 119517 382607 2 9847 
15711804 Lap 19 22 124648 649486 2 10000 
15731108 Lap 18 22 127463 108580 1 10000 
15845920 Lap 1 22 128577 586508 1 10000 
15875177 Lap 2 22 140690 548929 0 10000 
15876474 Lap 0 22 135768 48187 1 10000 
15907200 PitIn 2 22 140648 549592 0 10000 
15939200 PitOut 2 22 140647 0 1 10000 
15953657 Lap 13 23 120917 510220 0 10000 
15985862 Lap 6 22 126708 111922 1 10000 
16053078 Lap 16 23 118095 671418 1 10000 
16142090 Lap 14 23 129121 643219 1 10000 
16194166 Lap 12 23 126228 394955 2 9584 
16202754 Lap 8 23 125592 704474 2 10000 
16205181 Lap 15 23 131371 628422 1 10000 
16220827 Lap 9 23 124730 564564 0 10000 
16221704 Lap 17 23 116832 583555 0 10000 
16250876 Lap 5 22 106073 719814 2 9106 
16264722 Lap 4 23 130621 474732 0 10000 
16298491 Lap 7 23 116247 537952 0 10000 
16338075 Lap 10 23 110730 441353 2 9847 
16340417 Lap 3 23 116016 680348 1 10000 
16396866 Lap 19 23 115981 705401 2 10000 
16422724 Lap 18 23 118667 170794 1 10000 
16533827 Lap 1 23 120192 639411 1 10000 
16560765 Lap 0 23 127335 103947 1 10000 
16630273 Lap 13 24 112280 567633 0 10000 
16708800 Lap 2 23 131988 47575 1 10000 
16728837 Lap 6 23 117222 175709 1 9414 
16737270 Lap 16 24 109470 727726 1 10000 
16825968 Lap 14 24 120613 697365 1 10000 
16873182 Lap 12 24 117424 453151 2 9584 
16886692 Lap 8 24 117084 759322 2 10000 
16897768 Lap 15 24 123022 689478 1 10000 
16936872 Lap 9 24 116005 623056 0 10000 
16945326 Lap 17 24 108421 637808 0 10000 
16958193 Lap 4 24 122047 528537 0 10000 
16977739 Lap 7 24 107664 593244 0 10000 
17010400 PitIn 9 24 115706 624125 0 10000 
17011409 Lap 10 24 102135 498154 2 9847 
17012600 PitIn 17 24 108143 638925 0 10000 
17034311 Lap 3 24 107162 740036 1 10000 
17041200 PitOut 9 24 115705 0 0 10000 
17044400 PitOut 17 24 108142 0 1 10000 
17085751 Lap 5 23 96939 780959 2 8997 
17086821 Lap 19 24 107242 763951 2 10000 
17098867 Lap 18 24 110051 230177 1 10000 
17164200 PitIn 5 23 96650 781785 2 9022 
17165000 PitOut 5 23 96649 781785 2 9097 
17169000 PitIn 5 23 96634 781785 2 9122 
17209600 PitOut 5 23 96633 0 0 10000 
17225664 Lap 1 24 111563 694520 1 10000 
17243675 Lap 0 24 119055 155475 1 10000 
17335525 Lap 13 25 103560 627422 0 10000 
17392795 Lap 2 24 123924 96187 1 10000 
17413800 PitIn 13 25 103227 628686 0 10000 
17414200 PitOut 13 25 103226 628686 0 10000 
17414400 PitIn 13 25 103226 628686 0 10000 
17446800 PitOut 13 25 103225 0 0 10000 
17447307 Lap 16 25 100887 783793 1 10000 
17459103 Lap 6 24 108108 236940 1 9391 
17524800 PitIn 16 25 100556 785048 1 10000 
17525600 PitOut 16 25 100555 785048 1 10000 
17526000 PitIn 16 25 100554 785048 1 10000 
17537136 Lap 14 25 112071 754266 1 10000 
17552569 Lap 12 25 108669 511779 2 9584 
17557200 PitOut 16 25 100553 0 0 10000 
17569614 Lap 8 25 108631 813902 2 10000 
17586200 PitIn 14 25 111893 755141 1 10000 
17607550 Lap 15 25 114743 740565 1 10000 
17617800 PitOut 14 25 111892 0 0 10000 
17667933 Lap 4 25 113631 581891 0 10000 
17679000 PitIn 15 25 114447 741693 1 10000 
17679800 PitOut 15 25 114446 741693 1 10000 
17680200 PitIn 15 25 114445 741693 1 10000 
17686092 Lap 10 25 93459 557120 2 9847 
17688038 Lap 7 25 98988 651795 0 10000 
17713400 PitOut 15 25 114444 0 0 10000 
17733467 Lap 9 25 107190 50170 0 10000 
17743200 PitIn 4 25 113316 583051 0 10000 
17757808 Lap 3 25 98465 795805 1 10000 
17758800 PitIn 7 25 98694 652934 0 10000 
17759600 PitOut 7 25 98693 652934 0 10000 
17759800 PitIn 7 25 98693 652934 0 10000 
17776400 PitOut 4 25 113315 0 0 10000 
17778607 Lap 19 25 98719 818353 2 10000 
17783742 Lap 18 25 101417 287713 1 10000 
17791400 PitOut 7 25 98692 0 0 10000 
17831200 PitIn 3 25 98155 797021 1 10000 
17862200 PitOut 3 25 98154 0 0 10000 
17879369 Lap 17 25 98861 47774 1 9836 
17927764 Lap 0 25 110808 207519 1 10000 
17938604 Lap 5 24 88069 50838 0 10000 
17958464 Lap 1 25 102776 760496 1 10000 
18033200 PitIn 1 25 102461 761683 1 10000 
18034000 PitOut 1 25 102460 761683 1 10000 
18034200 PitIn 1 25 102460 761683 1 10000 
18066600 PitOut 1 25 102459 0 0 10000 
18094505 Lap 2 25 115647 153360 1 10000 
18141114 Lap 13 26 94619 52135 0 10000 
18146441 Lap 6 25 99507 293582 1 9391 
18229196 Lap 12 26 99934 569886 2 9584 
18259790 Lap 16 26 91990 49259 0 10000 
18284847 Lap 8 26 100198 867644 2 10000 
18339449 Lap 14 26 103407 49819 0 10000 
18360400 PitIn 8 26 99878 868869 2 10000 
18365231 Lap 10 26 84906 616271 2 9847 
18392600 PitOut 8 26 99877 0 0 10000 
18408632 Lap 9 26 98670 108292 0 10000 
18416038 Lap 15 26 105978 49615 0 10000 
18463970 Lap 18 26 92903 345005 1 10000 
18474240 Lap 4 26 104780 48928 0 10000 
18493138 Lap 7 26 90126 51417 0 10000 
18500688 Lap 19 26 90005 875722 2 10000 
18549194 Lap 17 26 90515 102653 1 9836 
18566849 Lap 3 26 89509 52543 0 10000 
18576800 PitIn 19 26 89682 876962 2 10000 
18603277 Lap 0 26 102492 262126 1 10000 
18609400 PitOut 19 26 89681 0 0 10000 
18636102 Lap 5 25 79759 109930 0 10000 
18784985 Lap 2 26 107328 208514 1 10000 
18795832 Lap 1 26 93862 52037 0 10000 
18804948 Lap 13 27 86192 110571 0 10000 
18835029 Lap 6 26 90921 351241 1 9391 
18907768 Lap 12 27 91239 627753 2 9584 
18930523 Lap 16 27 83512 106739 0 10000 
19002487 Lap 14 27 95088 105860 0 10000 
19045751 Lap 10 27 76323 672445 2 9847 
19073778 Lap 9 27 90339 164222 0 10000 
19089154 Lap 15 27 97749 104344 0 10000 
19096008 Lap 8 27 91376 50935 0 10000 
19144211 Lap 18 27 84266 403307 1 10000 
19148926 Lap 4 27 96494 101847 0 10000 
19166666 Lap 7 27 81561 116965 0 10000 
19224246 Lap 17 27 82094 158944 1 9836 
19237428 Lap 3 27 81037 110605 0 10000 
19278580 Lap 0 27 94236 315522 1 10000 
19311839 Lap 19 27 81012 52520 0 10000 
19324085 Lap 5 26 71341 172765 0 10000 
19476992 Lap 13 28 77618 169961 0 10000 
19477782 Lap 2 27 99210 258493 1 10000 
19494965 Lap 1 27 85426 107822 0 10000 
19524742 Lap 6 27 82245 411286 1 9391 
19585240 Lap 12 28 82564 685658 2 9584 
19604030 Lap 16 28 74923 167535 0 10000 
19677474 Lap 14 28 86820 161705 0 10000 
19725509 Lap 10 28 67719 729995 2 9847 
19746894 Lap 9 28 81929 221356 0 10000 
19761364 Lap 15 28 89586 157559 0 10000 
19765187 Lap 8 28 82986 108317 0 10000 
19827118 Lap 18 28 75644 462156 1 10000 
19827376 Lap 4 28 88115 161768 0 10000 
19833653 Lap 7 28 73224 172701 0 10000 
19901654 Lap 17 28 73859 212888 1 9836 
19915132 Lap 3 28 72530 168667 0 10000 
19964025 Lap 0 28 85869 373260 1 10000 
19984939 Lap 19 28 72531 110891 0 10000 
20001361 Lap 5 27 63229 226430 0 10000 
20150484 Lap 13 29 69068 229300 0 10000 
20162042 Lap 2 28 91005 309854 1 10000 
20179068 Lap 1 28 76996 165122 0 10000 
20217852 Lap 6 28 73695 470528 1 9391 
20266226 Lap 12 29 73840 745108 2 9584 
20270178 Lap 16 29 66415 226421 0 10000 
20351506 Lap 14 29 78540 216084 0 10000 
20399724 Lap 10 29 59094 788065 2 9847 
20412965 Lap 9 29 73665 277053 0 10000 
20425980 Lap 15 29 81300 213312 0 10000 
20430678 Lap 8 29 74616 167470 0 10000 
20497090 Lap 4 29 79883 215462 0 10000 
20502442 Lap 7 29 65064 225878 0 10000 
20513500 Lap 18 29 67175 520020 1 10000 
20570678 Lap 17 29 65504 268489 1 9836 
20594295 Lap 3 29 64010 226755 0 10000 
20637342 Lap 0 29 77673 426715 1 10000 
20662847 Lap 19 29 64116 168795 0 10000 
20748537 Lap 5 28 53947 286878 0 9294 
20814307 Lap 13 30 60584 288245 0 10000 
20842516 Lap 2 29 82866 361549 1 10000 
20848964 Lap 1 29 68726 221718 0 10000 
20956512 Lap 12 30 65197 802911 2 9584 
20958503 Lap 16 30 57724 286130 0 10000 
21025264 Lap 14 30 70236 273728 0 10000 
21077238 Lap 10 30 50601 845120 2 9847 
21079715 Lap 9 30 65334 333755 0 10000 
21085051 Lap 6 29 63576 538926 1 8599 
21090494 Lap 15 30 73020 269104 0 10000 
21101477 Lap 8 30 66382 223110 0 10000 
21165801 Lap 4 30 71672 269682 0 10000 
21171906 Lap 7 30 56868 280483 0 10000 
21189322 Lap 18 30 58592 579514 1 10000 
21243086 Lap 17 30 57173 323803 1 9836 
21268927 Lap 3 30 55383 286967 0 10000 
21313198 Lap 0 30 69516 480089 1 10000 
21335511 Lap 19 30 55719 226760 0 10000 
21481931 Lap 13 31 52229 346227 0 10000 
21541041 Lap 1 30 60355 276725 0 10000 
21550627 Lap 2 30 74676 415814 1 10000 
21624876 Lap 5 29 44260 347084 0 8605 
21627207 Lap 16 31 49255 344957 0 10000 
21638215 Lap 12 31 56485 861573 2 9584 
21694961 Lap 14 31 62016 328428 0 10000 
21751691 Lap 9 31 56901 393736 0 10000 
21762479 Lap 10 31 42222 899224 2 9847 
21765917 Lap 15 31 64824 325310 0 10000 
21776054 Lap 8 31 58102 279513 0 10000 
21840080 Lap 7 31 48654 335585 0 10000 
21845841 Lap 4 31 63335 325558 0 10000 
21893215 Lap 18 31 49874 642487 1 10000 
21943737 Lap 3 31 46880 345278 0 10000 
21997141 Lap 0 31 61323 533490 1 10000 
22008378 Lap 19 31 47247 285814 0 10000 
22057344 Lap 17 31 48164 384213 1 9754 
22143275 Lap 13 32 43922 403891 0 10000 
22217853 Lap 1 31 51980 335026 0 10000 
22236710 Lap 2 31 66480 469065 1 10000 
22304240 Lap 16 32 40726 404808 0 10000 
22322277 Lap 12 32 47897 921241 2 9584 
22363704 Lap 14 32 53766 384167 0 10000 
22392873 Lap 5 30 35698 400199 0 8378 
22422827 Lap 9 32 48564 452101 0 10000 
22435270 Lap 15 32 56667 380727 0 10000 
22442932 Lap 10 32 33708 956232 2 9847 
22446704 Lap 8 32 49779 336999 0 10000 
22505939 Lap 7 32 40518 390145 0 10000 
22516059 Lap 4 32 55103 380352 0 10000 
22574752 Lap 18 32 41444 699431 1 10000 
22620525 Lap 3 32 38460 403351 0 10000 
22668998 Lap 0 32 53142 588884 1 10000 
22677152 Lap 19 32 38895 344084 0 10000 
22729264 Lap 17 32 39866 439908 1 9754 
22812554 Lap 13 33 35522 462374 0 10000 
22893475 Lap 1 32 43616 392272 0 10000 
22916937 Lap 2 32 58359 521685 1 10000 
22975667 Lap 16 33 32254 463537 0 10000 
23006872 Lap 12 33 39141 979956 2 9584 
23031086 Lap 14 33 45627 439004 0 10000 
23095880 Lap 9 33 40242 508127 0 10000 
23104685 Lap 15 33 48456 435529 0 10000 
23120088 Lap 8 33 41510 393588 0 10000 
23130726 Lap 10 33 25281 1011476 2 9847 
23138033 Lap 5 31 27289 465041 0 8378 
23172628 Lap 7 33 32280 445578 0 10000 
23202717 Lap 4 33 46763 441206 0 10000 
23253400 Lap 18 33 32906 757636 1 10000 
23300459 Lap 3 33 29906 464004 0 10000 
23345093 Lap 0 33 44907 643194 1 10000 
23348899 Lap 19 33 30510 404112 0 10000 
23410901 Lap 17 33 31616 494114 1 9754 
23483788 Lap 13 34 27068 521630 0 10000 
23581209 Lap 1 33 35281 452300 0 10000 
23603269 Lap 2 33 50160 575622 1 10000 
23646290 Lap 16 34 23902 520760 0 10000 
23690899 Lap 12 34 30488 1038181 2 9584 
23702975 Lap 14 34 37383 494517 0 10000 
23777526 Lap 9 34 31745 565955 0 10000 
23780645 Lap 15 34 40221 490447 0 10000 
23793256 Lap 8 34 33195 450289 0 10000 
23812186 Lap 10 34 16848 1067387 2 9847 
23842667 Lap 7 34 23985 502089 0 10000 
23855036 Lap 5 32 18919 519389 0 8378 
23888596 Lap 4 34 38585 495214 0 10000 
23937422 Lap 18 34 24206 822254 1 10000 
23981783 Lap 3 34 21670 520394 0 10000 
24024963 Lap 0 34 36657 697469 1 10000 
24030694 Lap 19 34 22281 460449 0 10000 
24099024 Lap 17 34 23372 551418 1 9754 
24156973 Lap 13 35 18665 579669 0 10000 
24263828 Lap 1 34 26917 509019 0 10000 
24298037 Lap 2 34 42153 626208 1 10000 
24323411 Lap 16 35 15433 578567 0 10000 
24375293 Lap 12 35 21694 1097496 2 9584 
24378007 Lap 14 35 29100 550085 0 10000 
24461291 Lap 9 35 23331 622467 0 10000 
24485676 Lap 8 35 24721 511593 0 10000 
24503848 Lap 10 35 8271 1124361 2 9847 
24518112 Lap 7 35 15561 560127 0 10000 
24544479 Lap 15 35 31485 551076 0 9077 
24579806 Lap 4 35 30368 549692 0 10000 
24586866 Lap 5 33 10690 574560 0 8378 
24632199 Lap 18 35 15686 879453 1 10000 
24659396 Lap 3 35 13042 580356 0 10000 
24707183 Lap 0 35 28323 752700 1 10000 
24719237 Lap 19 35 13746 525184 0 10000 
24779813 Lap 17 35 15167 606324 1 9754 
24839472 Finished 13 36 10346 635763 0 10000 
24966592 Finished 1 35 18385 572762 0 10000 
24992291 Finished 2 35 33948 679897 1 10000 
25004312 Finished 16 36 6820 645759 0 10000 
25062071 Finished 14 36 21009 604184 0 10000 
25070025 Finished 12 36 12977 1155806 2 9584 
25151629 Finished 9 36 14845 680107 0 10000 
25155216 Finished 8 36 16396 571161 0 10000 
25199873 Finished 10 36 0 1179844 2 9746 
25200863 Finished 7 36 7377 616072 0 9888 
25252493 Finished 15 36 23259 606390 0 9077 
25264975 Finished 4 36 21950 607868 0 10000 
25297048 Finished 5 34 2455 628232 0 8378 
25326122 Finished 18 36 7106 936658 1 10000 
25342054 Finished 3 36 4496 639865 0 10000 
25396032 Finished 0 36 20034 807429 1 10000 
25404386 Finished 19 36 5220 583319 0 10000 
25457260 Finished 17 36 6956 661055 1 9754 
