# Event details:
FormatVersion 1

EventType Circuit

PlayerCount 20
# Format: <index> <id> <team> <name>

0 76561197989276622 0 [SAU] Dremet
1 76561198055146098 0 [VRB] Frozeni
2 76561198038978283 0 [VRB] Wispa Gold
3 76561197960585277 0 [MER] Grandie
4 76561198006797349 0 [MER] S ΣaⓁ hßD
5 76561197969779893 0 [MCL] Jonnooo.
6 76561198130622958 0 [VRB] Nestori
7 76561198067261467 0 [WIL] JBence
8 76561198979803801 0 [MCL] ChargedJT
9 76561198091139327 0 [FER] SSR | Boxerevo
10 76561198245163882 0 MrBubbles
11 76561198813518085 0 [SAU] Igiava
12 76561199023733877 0 [4] Yehudahsan
13 76561198999907438 0 [ALP] Cosanderi
14 76561198131829686 0 [SAU] McVizn
15 76561198071671577 0 [AMR] darren.gurney
16 76561198096169747 0 [FER] cyberpunk_42
17 76561198065197355 0 [WIL] grongos
18 76561197982925324 0 [WIL] CouchFerret
19 76561197982451598 0 taHleS

TireCompoundCount 3
# Format: <index> <name> <max wear> <max performance>

0 Soft 992000 1
1 Medium 1785600 0.88
2 Hard 2380800 0.84

Events
# Format: <time> <event> <player> <laps completed> <fuel> <tire wear> <tire compound> <hit points>

73600 Start 8 0 0 14 1 10000 
73600 Start 3 0 0 14 1 10000 
73600 Start 1 0 0 14 1 10000 
73600 Start 6 0 0 14 1 10000 
73600 Start 5 0 0 14 1 10000 
73600 Start 4 0 0 14 1 10000 
73600 Start 9 0 0 14 2 10000 
73600 Start 2 0 0 14 2 10000 
73600 Start 0 0 0 14 1 10000 
73600 Start 7 0 0 14 1 10000 
73600 Start 18 0 0 14 1 10000 
73600 Start 14 0 0 14 1 10000 
73600 Start 15 0 0 14 2 10000 
73600 Start 16 0 0 14 1 10000 
73600 Start 11 0 0 14 2 10000 
73600 Start 13 0 0 14 1 10000 
73600 Start 17 0 0 14 2 10000 
73600 Start 19 0 0 14 2 10000 
73600 Start 10 0 0 14 1 10000 
73600 Start 12 0 0 14 1 10000 
634171 Lap 8 1 0 60694 1 10000 
640001 Lap 3 1 0 61637 1 10000 
646407 Lap 1 1 0 58203 1 10000 
651233 Lap 6 1 0 60311 1 10000 
653979 Lap 5 1 0 59997 1 10000 
659520 Lap 4 1 0 60031 1 10000 
664483 Lap 9 1 0 57264 2 10000 
667959 Lap 2 1 0 55781 2 10000 
670809 Lap 0 1 0 56641 1 10000 
674325 Lap 7 1 0 54836 1 10000 
677753 Lap 18 1 0 59682 1 10000 
681061 Lap 14 1 0 60961 1 10000 
687361 Lap 15 1 0 55042 2 10000 
688237 Lap 11 1 0 64553 2 10000 
689171 Lap 16 1 0 55374 1 10000 
691664 Lap 13 1 0 62700 1 10000 
698223 Lap 17 1 0 75027 2 10000 
709840 Lap 10 1 0 64904 1 10000 
715994 Lap 19 1 0 62085 2 10000 
773546 Lap 12 1 0 67599 1 10000 
1161905 Lap 8 2 0 124021 1 10000 
1168863 Lap 3 2 0 123871 1 10000 
1172302 Lap 1 2 0 118884 1 10000 
1183636 Lap 6 2 0 119911 1 10000 
1187216 Lap 5 2 0 121458 1 10000 
1191353 Lap 4 2 0 120131 1 10000 
1197580 Lap 9 2 0 118848 2 10000 
1200704 Lap 2 2 0 116829 2 10000 
1205600 Lap 0 2 0 116199 1 10000 
1211359 Lap 7 2 0 110706 1 10000 
1215241 Lap 18 2 0 118712 1 10000 
1218422 Lap 14 2 0 122329 1 10000 
1225414 Lap 15 2 0 114170 2 10000 
1230123 Lap 11 2 0 129917 2 10000 
1234720 Lap 16 2 0 116659 1 10000 
1239692 Lap 13 2 0 125884 1 10000 
1244985 Lap 17 2 0 138720 2 10000 
1270619 Lap 10 2 0 125201 1 10000 
1274778 Lap 19 2 0 118823 2 10000 
1360653 Lap 12 2 0 128304 1 10000 
1708597 Lap 1 3 0 180046 1 10000 
1723579 Lap 3 3 0 184751 1 10000 
1725314 Lap 6 3 0 178613 1 10000 
1727644 Lap 5 3 0 181769 1 10000 
1730673 Lap 4 3 0 181629 1 10000 
1732207 Lap 8 3 0 192804 1 10000 
1736119 Lap 9 3 0 179737 2 10000 
1739095 Lap 0 3 0 175460 1 10000 
1745592 Lap 2 3 0 183045 2 10000 
1750415 Lap 7 3 0 167310 1 10000 
1756465 Lap 14 3 0 184731 1 10000 
1759534 Lap 18 3 0 179088 1 10000 
1762866 Lap 15 3 0 175679 2 10000 
1768414 Lap 11 3 0 195282 2 10000 
1769996 Lap 16 3 0 176341 1 10000 
1772167 Lap 13 3 0 188476 1 10000 
1789186 Lap 17 3 0 210357 2 10000 
1821845 Lap 19 3 0 177518 2 10000 
1828508 Lap 10 3 0 182623 1 10000 
1954333 Lap 12 3 0 198759 1 10000 
2239175 Lap 1 4 0 240657 1 10000 
2258545 Lap 6 4 0 239443 1 10000 
2259722 Lap 3 4 0 246456 1 10000 
2277694 Lap 4 4 0 240574 1 10000 
2280452 Lap 8 4 0 251523 1 10000 
2284051 Lap 0 4 0 235579 1 10000 
2287789 Lap 9 4 0 240881 2 10000 
2292116 Lap 5 4 0 240821 1 10000 
2292905 Lap 2 4 0 239832 2 10000 
2294013 Lap 7 4 0 224118 1 10000 
2295828 Lap 14 4 0 246161 1 10000 
2302614 Lap 18 4 0 239963 1 10000 
2307975 Lap 15 4 0 235050 2 10000 
2310512 Lap 16 4 0 236342 1 10000 
2312742 Lap 11 4 0 258074 2 10000 
2313996 Lap 13 4 0 255979 1 10000 
2326793 Lap 17 4 0 276916 2 10000 
2365323 Lap 19 4 0 237076 2 10000 
2378034 Lap 10 4 0 247515 1 10000 
2502003 Lap 12 4 0 263351 1 10000 
2768674 Lap 1 5 0 303033 1 10000 
2787546 Lap 6 5 0 303707 1 10000 
2790579 Lap 3 5 0 306790 1 10000 
2803842 Lap 4 5 0 303064 1 10000 
2807804 Lap 8 5 0 315740 1 10000 
2815473 Lap 0 5 0 303651 1 10000 
2824384 Lap 9 5 0 303779 2 10000 
2825228 Lap 5 5 0 304218 1 10000 
2828415 Lap 2 5 0 299009 2 10000 
2844230 Lap 7 5 0 280428 1 10000 
2848984 Lap 14 5 0 308250 1 10000 
2852633 Lap 18 5 0 302913 1 10000 
2854459 Lap 15 5 0 293684 2 10000 
2860799 Lap 16 5 0 297293 1 10000 
2861950 Lap 13 5 0 313974 1 10000 
2864515 Lap 17 5 0 346531 2 10000 
2871982 Lap 11 5 0 328574 2 10000 
2907858 Lap 19 5 0 294428 2 10000 
2925779 Lap 10 5 0 308857 1 10000 
3173107 Lap 12 5 0 339128 1 10000 
3299672 Lap 1 6 0 368781 1 10000 
3320022 Lap 6 6 0 362547 1 10000 
3322623 Lap 3 6 0 369494 1 10000 
3335159 Lap 4 6 0 365955 1 10000 
3339837 Lap 8 6 0 378382 1 10000 
3348682 Lap 0 6 0 365711 1 10000 
3356933 Lap 9 6 0 367324 2 10000 
3360758 Lap 5 6 0 369468 1 10000 
3363815 Lap 2 6 0 360223 2 10000 
3384208 Lap 7 6 0 338692 1 10000 
3388618 Lap 14 6 0 367910 1 10000 
3393369 Lap 15 6 0 355208 2 10000 
3402572 Lap 16 6 0 357656 1 10000 
3405278 Lap 18 6 0 364522 1 10000 
3412390 Lap 11 6 0 390844 2 10000 
3413160 Lap 17 6 0 411097 2 10000 
3449676 Lap 13 6 0 373637 1 10000 
3477088 Lap 19 6 0 351549 2 10000 
3483178 Lap 10 6 0 370178 1 10000 
3726342 Lap 12 6 0 405298 1 10000 
3830212 Lap 1 7 0 430434 1 10000 
3853130 Lap 6 7 0 425614 1 10000 
3853814 Lap 3 7 0 430762 1 10000 
3866744 Lap 4 7 0 431223 1 10000 
3870799 Lap 8 7 0 444624 1 10000 
3882921 Lap 0 7 0 426114 1 10000 
3888126 Lap 9 7 0 430076 2 10000 
3893870 Lap 5 7 0 431213 1 10000 
3899532 Lap 2 7 0 424268 2 10000 
3918395 Lap 7 7 0 395646 1 10000 
3935503 Lap 15 7 0 414593 2 10000 
3937125 Lap 14 7 0 429099 1 10000 
3941505 Lap 16 7 0 421534 1 10000 
3943318 Lap 18 7 0 424396 1 10000 
3948861 Lap 11 7 0 455241 2 10000 
3955155 Lap 17 7 0 468441 2 10000 
3985600 Lap 13 7 0 433323 1 10000 
4028499 Lap 19 7 0 409847 2 10000 
4037007 Lap 10 7 0 433188 1 10000 
4271373 Lap 12 7 0 462692 1 10000 
4359263 Lap 1 8 0 489434 1 10000 
4388713 Lap 6 8 0 485654 1 10000 
4390759 Lap 3 8 0 492431 1 10000 
4412571 Lap 4 8 0 492787 1 10000 
4413497 Lap 8 8 0 507518 1 10000 
4418894 Lap 0 8 0 489556 1 10000 
4426119 Lap 9 8 0 490382 2 10000 
4427340 Lap 5 8 0 493019 1 10000 
4432654 Lap 2 8 0 484498 2 10000 
4451458 Lap 7 8 0 452603 1 10000 
4477856 Lap 15 8 0 473013 2 10000 
4483909 Lap 14 8 0 491172 1 10000 
4489299 Lap 16 8 0 482271 1 10000 
4493031 Lap 18 8 0 485911 1 10000 
4499298 Lap 17 8 0 529512 2 10000 
4530997 Lap 13 8 0 490612 1 10000 
4565053 Lap 11 8 0 518009 2 10000 
4585944 Lap 19 8 0 470601 2 10000 
4588149 Lap 10 8 0 497142 1 10000 
4823146 Lap 12 8 0 522405 1 10000 
4891613 Lap 1 9 0 550821 1 10000 
4923490 Lap 6 9 0 545903 1 10000 
4927741 Lap 3 9 0 552839 1 10000 
4951224 Lap 4 9 0 553607 1 10000 
4954410 Lap 8 9 0 572509 1 10000 
4960129 Lap 0 9 0 554648 1 10000 
4961574 Lap 5 9 0 556357 1 10000 
4965214 Lap 9 9 0 551426 2 10000 
4970928 Lap 2 9 0 544904 2 10000 
4989742 Lap 7 9 0 510916 1 10000 
5019345 Lap 15 9 0 534376 2 10000 
5022398 Lap 14 9 0 555141 1 10000 
5026247 Lap 16 9 0 539350 1 10000 
5034455 Lap 18 9 0 548815 1 10000 
5036229 Lap 17 9 0 587416 2 10000 
5072665 Lap 13 9 0 548442 1 10000 
5098073 Lap 11 9 0 585339 2 10000 
5138129 Lap 19 9 0 528499 2 10000 
5142819 Lap 10 9 0 557027 1 10000 
5364024 Lap 12 9 0 586886 1 10000 
5425258 Lap 1 10 0 608330 1 10000 
5451302 Lap 6 10 0 605695 1 10000 
5454136 Lap 3 10 0 616043 1 10000 
5492680 Lap 4 10 0 615027 1 10000 
5496547 Lap 0 10 0 615917 1 10000 
5498788 Lap 5 10 0 618557 1 10000 
5502513 Lap 9 10 0 612041 2 10000 
5509158 Lap 2 10 0 606532 2 10000 
5528773 Lap 7 10 0 568340 1 10000 
5564243 Lap 14 10 0 617467 1 10000 
5569751 Lap 15 10 0 596252 2 10000 
5577026 Lap 8 10 0 647037 1 10000 
5582704 Lap 18 10 0 609556 1 10000 
5583675 Lap 17 10 0 646027 2 10000 
5587515 Lap 16 10 0 605269 1 10000 
5612857 Lap 13 10 0 607445 1 10000 
5636289 Lap 11 10 0 656099 2 10000 
5680130 Lap 19 10 0 587030 2 10000 
5734793 Lap 10 10 0 626115 1 10000 
5910629 Lap 12 10 0 643631 1 10000 
5957350 Lap 1 11 0 666110 1 10000 
5980511 Lap 6 11 0 665664 1 10000 
5984388 Lap 3 11 0 678975 1 10000 
6022473 Lap 4 11 0 680049 1 10000 
6027546 Lap 0 11 0 676811 1 10000 
6030472 Lap 5 11 0 681625 1 10000 
6036727 Lap 9 11 0 672278 2 10000 
6040911 Lap 2 11 0 668624 2 10000 
6061197 Lap 7 11 0 629413 1 10000 
6092834 Lap 14 11 0 686093 1 10000 
6104163 Lap 15 11 0 655525 2 10000 
6106374 Lap 8 11 0 709758 1 10000 
6125867 Lap 17 11 0 706507 2 10000 
6129078 Lap 18 11 0 672493 1 10000 
6133736 Lap 16 11 0 673653 1 10000 
6144020 Lap 13 11 0 667199 1 10000 
6172001 Lap 11 11 0 722869 2 10000 
6226060 Lap 19 11 0 643714 2 10000 
6286692 Lap 10 11 0 691121 1 10000 
6466144 Lap 12 11 0 701832 1 10000 
6489458 Lap 1 12 0 727202 1 10000 
6511940 Lap 6 12 0 724535 1 10000 
6517383 Lap 3 12 0 739764 1 10000 
6556835 Lap 4 12 0 742984 1 10000 
6561973 Lap 0 12 0 747552 1 10000 
6563713 Lap 5 12 0 744231 1 10000 
6577306 Lap 9 12 0 735574 2 10000 
6585777 Lap 2 12 0 733356 2 10000 
6602254 Lap 7 12 0 686949 1 10000 
6623352 Lap 14 12 0 755427 1 10000 
6634597 Lap 15 12 0 716689 2 10000 
6641026 Lap 8 12 0 772780 1 10000 
6665106 Lap 17 12 0 764500 2 10000 
6676739 Lap 18 12 0 734571 1 10000 
6678005 Lap 16 12 0 740699 1 10000 
6683374 Lap 13 12 0 726869 1 10000 
6702461 Lap 11 12 0 788171 2 10000 
6763922 Lap 19 12 0 702120 2 10000 
6846800 Lap 10 12 0 754233 1 10000 
7015074 Lap 12 12 0 767453 1 10000 
7021639 Lap 1 13 0 788925 1 10000 
7043740 Lap 6 13 0 783533 1 10000 
7046207 Lap 3 13 0 803404 1 10000 
7099231 Lap 4 13 0 801941 1 10000 
7103928 Lap 5 13 0 806652 1 10000 
7107732 Lap 0 13 0 807873 1 10000 
7111441 Lap 9 13 0 797172 2 10000 
7117254 Lap 2 13 0 792163 2 10000 
7138638 Lap 7 13 0 747406 1 10000 
7157955 Lap 14 13 0 819444 1 10000 
7172623 Lap 15 13 0 775971 2 10000 
7176235 Lap 8 13 0 838418 1 10000 
7201429 Lap 17 13 0 822308 2 10000 
7217712 Lap 18 13 0 795038 1 10000 
7225787 Lap 16 13 0 800442 1 10000 
7233403 Lap 13 13 0 788378 1 10000 
7238465 Lap 11 13 0 851234 2 10000 
7313576 Lap 19 13 0 761386 2 10000 
7405766 Lap 10 13 0 813848 1 10000 
7572031 Lap 1 14 0 847084 1 10000 
7578523 Lap 6 14 0 844480 1 10000 
7583249 Lap 3 14 0 864271 1 10000 
7587019 Lap 12 13 0 826794 1 10000 
7634125 Lap 4 14 0 863550 1 10000 
7639839 Lap 5 14 0 872944 1 10000 
7648361 Lap 0 14 0 869157 1 10000 
7649517 Lap 9 14 0 860774 2 10000 
7651958 Lap 2 14 0 852774 2 10000 
7681771 Lap 7 14 0 804828 1 10000 
7691404 Lap 14 14 0 882971 1 10000 
7709055 Lap 15 14 0 837445 2 10000 
7741821 Lap 17 14 0 882325 2 10000 
7746471 Lap 8 14 0 907843 1 10000 
7764181 Lap 18 14 0 855570 1 10000 
7767495 Lap 16 14 0 864604 1 10000 
7781197 Lap 11 14 0 918800 2 10000 
7782665 Lap 13 14 0 845874 1 10000 
7867598 Lap 19 14 0 819165 2 10000 
7962783 Lap 10 14 0 876181 1 10000 
8107184 Lap 1 15 0 909936 1 10000 
8133359 Lap 12 14 0 894730 1 10000 
8158000 PitIn 3 14 0 927264 1 10000 
8158600 PitOut 3 14 0 927264 1 10000 
8159800 PitIn 3 14 0 927264 1 10000 
8162000 PitIn 6 14 0 905609 1 10000 
8162600 PitOut 6 14 0 905609 1 10000 
8163600 PitIn 6 14 0 905609 1 10000 
8180019 Lap 5 15 0 936493 1 10000 
8190600 PitOut 3 14 0 0 1 10000 
8190576 Lap 2 15 0 916544 2 10000 
8194800 PitOut 6 14 0 0 2 10000 
8196704 Lap 9 15 0 923017 2 10000 
8201417 Lap 6 15 0 17 2 10000 
8207400 PitIn 4 14 0 927715 1 10000 
8208000 PitOut 4 14 0 927715 1 10000 
8208800 PitIn 4 14 0 927715 1 10000 
8209625 Lap 3 15 0 159 1 10000 
8217800 PitIn 0 14 0 935964 1 10000 
8218400 PitOut 0 14 0 935964 1 10000 
8218800 PitIn 0 14 0 935964 1 10000 
8221565 Lap 7 15 0 864290 1 10000 
8232025 Lap 14 15 0 948639 1 10000 
8241200 PitOut 4 14 0 0 1 10000 
8244433 Lap 15 15 0 899819 2 10000 
8250800 PitOut 0 14 0 0 2 10000 
8263667 Lap 4 15 0 130 1 10000 
8281521 Lap 0 15 0 193 2 10000 
8289304 Lap 17 15 0 940631 2 10000 
8290773 Lap 8 15 0 970493 1 10000 
8321837 Lap 16 15 0 930260 1 10000 
8322561 Lap 18 15 0 915803 1 10000 
8324801 Lap 11 15 0 982516 2 10000 
8331049 Lap 13 15 0 904450 1 10000 
8420307 Lap 19 15 0 876578 2 10000 
8535202 Lap 10 15 0 942371 1 10000 
8643888 Lap 1 16 0 970298 1 10000 
8732115 Lap 2 16 0 979332 2 10000 
8741890 Lap 9 16 0 985095 2 10000 
8766400 Lap 7 16 0 921100 1 10000 
8772583 Lap 14 16 0 1011494 1 10000 
8775800 PitIn 5 15 0 997663 1 10000 
8776106 Lap 3 16 0 60497 1 10000 
8778235 Lap 6 16 0 56484 2 10000 
8783240 Lap 12 15 0 974893 1 10000 
8789396 Lap 15 16 0 960112 2 10000 
8807600 PitOut 5 15 0 0 2 10000 
8814014 Lap 5 16 0 0 2 10000 
8835509 Lap 17 16 0 1003443 2 10000 
8836156 Lap 4 16 0 58201 1 10000 
8872483 Lap 18 16 0 979095 1 10000 
8878769 Lap 8 16 0 1035730 1 10000 
8879530 Lap 0 16 0 56819 2 10000 
8880769 Lap 11 16 0 1046115 2 10000 
8881805 Lap 13 16 0 965647 1 10000 
8882800 PitIn 8 16 0 1035779 1 10000 
8883400 PitOut 8 16 0 1035779 1 10000 
8883800 PitIn 8 16 0 1035779 1 10000 
8911400 PitIn 16 15 0 990332 1 10000 
8912000 PitOut 16 15 0 990332 1 10000 
8913600 PitIn 16 15 0 990332 1 10000 
8916000 PitOut 8 16 0 0 2 10000 
8943600 PitOut 16 15 0 0 2 10000 
8958141 Lap 16 16 0 54 2 10000 
8969496 Lap 19 16 0 932968 2 10000 
9111200 PitIn 10 15 0 1002491 1 10000 
9111800 PitOut 10 15 0 1002491 1 10000 
9113400 PitIn 10 15 0 1002491 1 10000 
9151600 PitOut 10 15 0 0 0 10000 
9202367 Lap 10 16 0 456 0 10000 
9226600 PitIn 1 16 0 1030835 1 10000 
9227200 PitOut 1 16 0 1030835 1 10000 
9227400 PitIn 1 16 0 1030835 1 10000 
9259400 PitOut 1 16 0 0 2 10000 
9264786 Lap 2 17 0 1043067 2 10000 
9267577 Lap 1 17 0 14 2 10000 
9272571 Lap 9 17 0 1048398 2 10000 
9307677 Lap 7 17 0 979245 1 10000 
9310734 Lap 3 17 0 120760 1 10000 
9317009 Lap 14 17 0 1073903 1 10000 
9318633 Lap 6 17 0 114827 2 10000 
9333319 Lap 15 17 0 1021000 2 10000 
9373990 Lap 4 17 0 118671 1 10000 
9376595 Lap 12 16 0 1045604 1 10000 
9383047 Lap 17 17 0 1067802 2 10000 
9388812 Lap 5 17 0 58919 2 10000 
9417741 Lap 18 17 0 1039551 1 10000 
9418532 Lap 0 17 0 117070 2 10000 
9435730 Lap 13 17 0 1030129 1 10000 
9440728 Lap 11 17 0 1105163 2 10000 
9522988 Lap 19 17 0 995803 2 10000 
9531308 Lap 16 17 0 59975 2 10000 
9538461 Lap 8 17 0 58883 2 10000 
9785873 Lap 10 17 0 63163 0 10000 
9796307 Lap 2 18 0 1105474 2 10000 
9813365 Lap 9 18 0 1112082 2 10000 
9840099 Lap 1 18 0 58824 2 10000 
9849277 Lap 3 18 0 181687 1 10000 
9862011 Lap 7 18 0 1043233 1 10000 
9863168 Lap 6 18 0 179663 2 10000 
9885336 Lap 15 18 0 1090595 2 10000 
9902102 Lap 4 18 0 179284 1 10000 
9914400 PitIn 14 17 0 1134915 1 10000 
9915000 PitOut 14 17 0 1134915 1 10000 
9915400 PitIn 14 17 0 1134915 1 10000 
9927936 Lap 5 18 0 120591 2 10000 
9933686 Lap 17 18 0 1128378 2 10000 
9947200 PitOut 14 17 0 0 0 10000 
9955513 Lap 14 18 0 23 0 10000 
9956235 Lap 0 18 0 178078 2 10000 
9969901 Lap 18 18 0 1100290 1 10000 
9984909 Lap 11 18 0 1166972 2 10000 
10021400 PitIn 12 16 0 1103282 1 10000 
10021400 PitIn 13 17 0 1089380 1 10000 
10022000 PitOut 13 17 0 1089380 1 10000 
10022800 PitIn 13 17 0 1089380 1 10000 
10053800 PitOut 12 16 0 0 0 10000 
10054000 PitOut 13 17 0 0 0 10000 
10064256 Lap 12 17 0 23 0 10000 
10071001 Lap 16 18 0 121022 2 10000 
10072415 Lap 13 18 0 75 0 10000 
10078056 Lap 8 18 0 122764 2 10000 
10091790 Lap 19 18 0 1052949 2 10000 
10328605 Lap 10 18 0 124993 0 10000 
10334786 Lap 2 19 0 1167742 2 10000 
10355310 Lap 9 19 0 1173466 2 10000 
10369295 Lap 1 19 0 120763 2 10000 
10374047 Lap 3 19 0 246809 1 10000 
10393337 Lap 6 19 0 238039 2 10000 
10414152 Lap 7 19 0 1098579 1 10000 
10423325 Lap 15 19 0 1156164 2 10000 
10434986 Lap 4 19 0 239887 1 10000 
10455573 Lap 5 19 0 182989 2 10000 
10481487 Lap 17 19 0 1193872 2 10000 
10488478 Lap 0 19 0 238527 2 10000 
10518724 Lap 18 19 0 1162533 1 10000 
10528106 Lap 14 19 0 59611 0 10000 
10529119 Lap 11 19 0 1233431 2 10000 
10606120 Lap 8 19 0 188760 2 10000 
10609294 Lap 16 19 0 183004 2 10000 
10650383 Lap 13 19 0 54643 0 10000 
10656873 Lap 12 18 0 58640 0 10000 
10712163 Lap 19 19 0 1122426 2 10000 
10885899 Lap 10 19 0 191516 0 10000 
10887261 Lap 9 20 0 1237043 2 10000 
10902666 Lap 1 20 0 180256 2 10000 
10905665 Lap 3 20 0 307489 1 10000 
10915600 PitIn 2 19 0 1228992 2 10000 
10921707 Lap 6 20 0 296165 2 10000 
10946400 PitOut 2 19 0 0 1 10000 
10960379 Lap 2 20 0 46 1 10000 
10977797 Lap 15 20 0 1217134 2 10000 
10977883 Lap 4 20 0 300622 1 10000 
10985677 Lap 5 20 0 244876 2 10000 
11000400 PitIn 7 19 0 1154509 1 10000 
11000800 PitOut 7 19 0 1154509 1 10000 
11001000 PitIn 7 19 0 1154509 1 10000 
11029662 Lap 17 20 0 1251816 2 10000 
11034000 PitOut 7 19 0 0 1 10000 
11054465 Lap 7 20 0 95 1 10000 
11056196 Lap 14 20 0 123597 0 10000 
11072408 Lap 18 20 0 1222803 1 10000 
11086382 Lap 0 20 0 300660 2 10000 
11133563 Lap 11 20 0 1298059 2 10000 
11136200 PitIn 11 20 0 1298077 2 10000 
11141868 Lap 8 20 0 256266 2 10000 
11143111 Lap 16 20 0 244542 2 10000 
11166200 PitOut 11 20 0 0 0 10000 
11182191 Lap 13 20 0 114288 0 10000 
11268780 Lap 19 20 0 1183100 2 10000 
11268905 Lap 12 19 0 134626 0 10000 
11436436 Lap 3 21 0 370262 1 10000 
11441635 Lap 1 21 0 241555 2 10000 
11455548 Lap 6 21 0 354615 2 10000 
11475200 PitIn 9 20 0 1298884 2 10000 
11475800 PitOut 9 20 0 1298884 2 10000 
11479600 PitIn 9 20 0 1298884 2 10000 
11509646 Lap 10 20 0 253153 0 10000 
11510400 PitOut 9 20 0 0 1 10000 
11513342 Lap 4 21 0 359874 1 10000 
11520593 Lap 5 21 0 309531 2 10000 
11520673 Lap 9 21 0 24 1 10000 
11530579 Lap 2 21 0 58874 1 10000 
11564400 PitIn 15 20 0 1279393 2 10000 
11565000 PitOut 15 20 0 1279393 2 10000 
11565400 PitIn 15 20 0 1279393 2 10000 
11581539 Lap 17 21 0 1322384 2 10000 
11590003 Lap 14 21 0 186824 0 10000 
11597000 PitOut 15 20 0 0 2 10000 
11613370 Lap 15 21 0 53 2 10000 
11623053 Lap 0 21 0 360366 2 10000 
11633376 Lap 7 21 0 53727 1 10000 
11647600 PitIn 18 20 0 1281115 1 10000 
11665126 Lap 8 21 0 321953 2 10000 
11680200 PitOut 18 20 0 0 2 10000 
11681838 Lap 16 21 0 306728 2 10000 
11715539 Lap 13 21 0 177325 0 10000 
11730666 Lap 18 21 0 401 2 10000 
11747899 Lap 11 21 0 59459 0 10000 
11821129 Lap 12 20 0 197038 0 10000 
11824733 Lap 19 21 0 1238220 2 10000 
11960571 Lap 3 22 0 433343 1 10000 
11969339 Lap 1 22 0 304673 2 10000 
11983524 Lap 6 22 0 422782 2 10000 
12046293 Lap 4 22 0 421413 1 10000 
12050689 Lap 5 22 0 376271 2 10000 
12061786 Lap 2 22 0 122201 1 10000 
12093994 Lap 9 22 0 59396 1 10000 
12133380 Lap 14 22 0 248992 0 10000 
12139876 Lap 17 22 0 1382439 2 10000 
12159205 Lap 0 22 0 419195 2 10000 
12169325 Lap 10 21 0 328051 0 10000 
12190009 Lap 15 22 0 57322 2 10000 
12221886 Lap 16 22 0 372129 2 10000 
12223238 Lap 8 22 0 390064 2 10000 
12233757 Lap 7 22 0 118873 1 10000 
12248723 Lap 13 22 0 236746 0 10000 
12286964 Lap 11 22 0 121875 0 10000 
12298676 Lap 18 22 0 59132 2 10000 
12370158 Lap 12 21 0 257048 0 10000 
12382924 Lap 19 22 0 1297856 2 10000 
12487995 Lap 3 23 0 495351 1 10000 
12499213 Lap 1 23 0 365268 2 10000 
12515200 Lap 6 23 0 482012 2 10000 
12574117 Lap 4 23 0 484262 1 10000 
12577123 Lap 5 23 0 439165 2 10000 
12591050 Lap 2 23 0 181781 1 10000 
12620514 Lap 9 23 0 120927 1 10000 
12659122 Lap 14 23 0 313620 0 10000 
12694490 Lap 0 23 0 479041 2 10000 
12743707 Lap 10 22 0 398926 0 10000 
12768730 Lap 8 23 0 452516 2 10000 
12778735 Lap 16 23 0 433840 2 10000 
12783535 Lap 7 23 0 174235 1 10000 
12789432 Lap 13 23 0 294792 0 10000 
12804719 Lap 17 23 0 1446142 2 10000 
12809756 Lap 15 23 0 133891 2 10000 
12816237 Lap 11 23 0 184354 0 10000 
12838810 Lap 18 23 0 119414 2 10000 
12915031 Lap 12 22 0 321996 0 10000 
12929668 Lap 19 23 0 1358225 2 10000 
13016073 Lap 3 24 0 555580 1 10000 
13028918 Lap 1 24 0 428550 2 10000 
13045852 Lap 6 24 0 541643 2 10000 
13107457 Lap 5 24 0 502878 2 10000 
13115825 Lap 4 24 0 548506 1 10000 
13119199 Lap 2 24 0 243987 1 10000 
13148642 Lap 9 24 0 186984 1 10000 
13188164 Lap 14 24 0 376587 0 10000 
13226594 Lap 0 24 0 539689 2 10000 
13290555 Lap 10 23 0 460394 0 10000 
13300336 Lap 8 24 0 517088 2 10000 
13310142 Lap 16 24 0 495594 2 10000 
13317491 Lap 7 24 0 230982 1 10000 
13324240 Lap 13 24 0 355150 0 10000 
13352260 Lap 11 24 0 242309 0 10000 
13356193 Lap 15 24 0 192753 2 10000 
13356144 Lap 17 24 0 1505338 2 10000 
13376013 Lap 18 24 0 180971 2 10000 
13476942 Lap 19 24 0 1414602 2 10000 
13516847 Lap 12 23 0 387599 0 10000 
13550056 Lap 3 25 0 616331 1 10000 
13558869 Lap 1 25 0 489244 2 10000 
13576326 Lap 6 25 0 603384 2 10000 
13637322 Lap 5 25 0 569752 2 10000 
13665007 Lap 2 25 0 302547 1 10000 
13667077 Lap 4 25 0 608307 1 10000 
13682014 Lap 9 25 0 250193 1 10000 
13715940 Lap 14 25 0 439352 0 10000 
13757421 Lap 0 25 0 601724 2 10000 
13827378 Lap 8 25 0 581873 2 10000 
13842318 Lap 10 24 0 528133 0 10000 
13844295 Lap 16 25 0 558483 2 10000 
13852683 Lap 7 25 0 287565 1 10000 
13857907 Lap 13 25 0 414888 0 10000 
13886001 Lap 11 25 0 303913 0 10000 
13893860 Lap 15 25 0 251673 2 10000 
13905753 Lap 17 25 0 1566349 2 10000 
13911507 Lap 18 25 0 241698 2 10000 
14036859 Lap 19 25 0 1474202 2 10000 
14062388 Lap 12 24 0 448568 0 10000 
14076541 Lap 3 26 0 680421 1 10000 
14086337 Lap 1 26 0 552315 2 10000 
14106878 Lap 6 26 0 662161 2 10000 
14171211 Lap 5 26 0 634289 2 10000 
14195507 Lap 2 26 0 364572 1 10000 
14197330 Lap 4 26 0 670683 1 10000 
14210145 Lap 9 26 0 312525 1 10000 
14254734 Lap 14 26 0 500776 0 10000 
14287632 Lap 0 26 0 664696 2 10000 
14352514 Lap 8 26 0 644720 2 10000 
14386039 Lap 16 26 0 621194 2 10000 
14392054 Lap 7 26 0 343260 1 10000 
14396648 Lap 13 26 0 479740 0 10000 
14420600 Lap 11 26 0 369978 0 10000 
14429133 Lap 15 26 0 309792 2 10000 
14433335 Lap 10 25 0 601701 0 10000 
14459438 Lap 18 26 0 301545 2 10000 
14463802 Lap 17 26 0 1623499 2 10000 
14590608 Lap 19 26 0 1535245 2 10000 
14609085 Lap 3 27 0 743607 1 10000 
14621805 Lap 12 25 0 508095 0 10000 
14640453 Lap 6 27 0 721374 2 10000 
14691975 Lap 1 27 0 613833 2 10000 
14704353 Lap 5 27 0 707474 2 10000 
14720788 Lap 2 27 0 426111 1 10000 
14729993 Lap 4 27 0 733749 1 10000 
14742168 Lap 9 27 0 373870 1 10000 
14783850 Lap 14 27 0 564918 0 10000 
14882856 Lap 8 27 0 708953 2 10000 
14894529 Lap 0 27 0 727088 2 10000 
14916873 Lap 16 27 0 683580 2 10000 
14921931 Lap 7 27 0 401646 1 10000 
14926509 Lap 13 27 0 543194 0 10000 
14962668 Lap 15 27 0 370417 2 10000 
14986180 Lap 10 26 0 665401 0 10000 
14996766 Lap 18 27 0 362407 2 10000 
15021449 Lap 17 27 0 1688868 2 10000 
15022573 Lap 11 27 0 444374 0 10000 
15142339 Lap 3 28 0 806127 1 10000 
15154380 Lap 19 27 0 1593208 2 10000 
15172812 Lap 6 28 0 780361 2 10000 
15175160 Lap 12 26 0 577976 0 10000 
15226487 Lap 1 28 0 677953 2 10000 
15235448 Lap 5 28 0 770136 2 10000 
15250419 Lap 2 28 0 488981 1 10000 
15262563 Lap 4 28 0 799421 1 10000 
15269507 Lap 9 28 0 436247 1 10000 
15319179 Lap 14 28 0 629334 0 10000 
15416725 Lap 8 28 0 775170 2 10000 
15426549 Lap 0 28 0 786982 2 10000 
15447835 Lap 16 28 0 746272 2 10000 
15461995 Lap 7 28 0 462608 1 10000 
15467290 Lap 13 28 0 612297 0 10000 
15493039 Lap 15 28 0 434278 2 10000 
15543706 Lap 18 28 0 421856 2 10000 
15553179 Lap 11 28 0 508403 0 10000 
15575105 Lap 17 28 0 1759533 2 10000 
15590800 PitIn 10 26 0 727166 0 10000 
15591400 PitOut 10 26 0 727166 0 10000 
15593400 PitIn 10 26 0 727166 0 10000 
15624000 PitOut 10 26 0 0 2 10000 
15674266 Lap 3 29 0 867819 1 10000 
15697925 Lap 10 27 0 775 2 10000 
15707022 Lap 6 29 0 841224 2 10000 
15756223 Lap 1 29 0 736476 2 10000 
15770807 Lap 5 29 0 832741 2 10000 
15774000 PitIn 19 27 0 1649226 2 10000 
15791466 Lap 2 29 0 552734 1 10000 
15797495 Lap 4 29 0 863229 1 10000 
15806288 Lap 9 29 0 499218 1 10000 
15808000 PitOut 19 27 0 0 1 10000 
15818626 Lap 19 28 0 17 1 10000 
15869600 PitIn 12 26 0 644610 0 10000 
15870200 PitOut 12 26 0 644610 0 10000 
15870600 PitIn 12 26 0 644610 0 10000 
15896000 PitIn 14 28 0 689976 0 10000 
15903000 PitOut 12 26 0 0 0 10000 
15906798 Lap 12 27 0 0 0 10000 
15928000 PitOut 14 28 0 0 2 10000 
15942427 Lap 14 29 0 52 2 10000 
15947109 Lap 8 29 0 843778 2 10000 
15960211 Lap 0 29 0 853615 2 10000 
15985042 Lap 16 29 0 803276 2 10000 
15993851 Lap 7 29 0 519113 1 10000 
16067614 Lap 13 29 0 675387 0 10000 
16072600 PitIn 13 29 0 675462 0 10000 
16091906 Lap 11 29 0 571486 0 10000 
16097191 Lap 18 29 0 481244 2 10000 
16104000 PitOut 13 29 0 0 2 10000 
16106284 Lap 15 29 0 493104 2 10000 
16172400 PitIn 17 28 0 1825263 2 10000 
16173000 PitOut 17 28 0 1825263 2 10000 
16174000 PitIn 17 28 0 1825263 2 10000 
16205200 PitOut 17 28 0 0 1 10000 
16206674 Lap 3 30 0 934343 1 10000 
16229296 Lap 17 29 0 123 1 10000 
16236565 Lap 6 30 0 900786 2 10000 
16282550 Lap 10 28 0 58928 2 10000 
16291790 Lap 1 30 0 799412 2 10000 
16298748 Lap 5 30 0 894999 2 10000 
16321210 Lap 2 30 0 614231 1 10000 
16348290 Lap 9 30 0 561413 1 10000 
16394412 Lap 4 30 0 925716 1 10000 
16399800 PitIn 4 30 0 925756 1 10000 
16400200 PitOut 4 30 0 925756 1 10000 
16401200 PitIn 4 30 0 925756 1 10000 
16404994 Lap 19 29 0 53642 1 10000 
16433600 PitOut 4 30 0 0 2 10000 
16477207 Lap 8 30 0 907513 2 10000 
16499669 Lap 0 30 0 915230 2 10000 
16503997 Lap 12 28 0 55470 0 10000 
16514773 Lap 14 30 0 58948 2 10000 
16521350 Lap 16 30 0 863669 2 10000 
16531775 Lap 7 30 0 576883 1 10000 
16634074 Lap 11 30 0 633549 0 10000 
16636207 Lap 18 30 0 545834 2 10000 
16638516 Lap 15 30 0 553324 2 10000 
16688745 Lap 13 30 0 56349 2 10000 
16769013 Lap 6 31 0 959590 2 10000 
16789074 Lap 3 31 0 994584 1 10000 
16791600 PitIn 3 31 0 994602 1 10000 
16801169 Lap 17 30 0 56193 1 10000 
16824200 PitOut 3 31 0 0 2 10000 
16836094 Lap 1 31 0 858171 2 10000 
16864614 Lap 5 31 0 958562 2 10000 
16875557 Lap 2 31 0 676400 1 10000 
16887386 Lap 9 31 0 622855 1 10000 
16906820 Lap 10 29 0 122194 2 10000 
16949616 Lap 19 30 0 111713 1 10000 
17018644 Lap 4 31 0 55289 2 10000 
17022047 Lap 8 31 0 970136 2 10000 
17032236 Lap 0 31 0 977164 2 10000 
17051316 Lap 14 31 0 127005 2 10000 
17071831 Lap 7 31 0 637632 1 10000 
17101969 Lap 16 31 0 929452 2 10000 
17105882 Lap 12 29 0 120574 0 10000 
17193745 Lap 18 31 0 605156 2 10000 
17194803 Lap 15 31 0 611362 2 10000 
17227793 Lap 13 31 0 116820 2 10000 
17232123 Lap 11 31 0 697781 0 10000 
17236200 PitIn 11 31 0 697840 0 10000 
17267600 PitOut 11 31 0 0 2 10000 
17304859 Lap 6 32 0 1020520 2 10000 
17336298 Lap 17 31 0 116501 1 10000 
17373006 Lap 1 32 0 917417 2 10000 
17392947 Lap 5 32 0 1022831 2 10000 
17404309 Lap 3 32 0 60105 2 10000 
17409443 Lap 2 32 0 739631 1 10000 
17415332 Lap 9 32 0 686487 1 10000 
17461912 Lap 10 30 0 184778 2 10000 
17494519 Lap 19 31 0 169201 1 10000 
17549482 Lap 4 32 0 116793 2 10000 
17555654 Lap 8 32 0 1033873 2 10000 
17566360 Lap 0 32 0 1037241 2 10000 
17584081 Lap 14 32 0 189835 2 10000 
17605047 Lap 7 32 0 695282 1 10000 
17642839 Lap 16 32 0 991525 2 10000 
17720221 Lap 12 30 0 186139 0 10000 
17731820 Lap 15 32 0 671487 2 10000 
17738925 Lap 18 32 0 666147 2 10000 
17758000 Lap 13 32 0 175232 2 10000 
17840089 Lap 6 33 0 1080437 2 10000 
17848615 Lap 11 32 0 73676 2 10000 
17873344 Lap 17 32 0 174195 1 10000 
17903419 Lap 1 33 0 978893 2 10000 
17922420 Lap 5 33 0 1089135 2 10000 
17935323 Lap 3 33 0 124677 2 10000 
17945980 Lap 2 33 0 800790 1 10000 
17949044 Lap 9 33 0 747340 1 10000 
18003630 Lap 10 31 0 246968 2 10000 
18033370 Lap 19 32 0 226139 1 10000 
18079087 Lap 4 33 0 181979 2 10000 
18086144 Lap 8 33 0 1099736 2 10000 
18116392 Lap 14 33 0 251622 2 10000 
18144396 Lap 7 33 0 752849 1 10000 
18151600 PitIn 0 32 0 1096719 2 10000 
18152200 PitOut 0 32 0 1096719 2 10000 
18153000 PitIn 0 32 0 1096719 2 10000 
18183844 Lap 16 33 0 1054863 2 10000 
18185000 PitOut 0 32 0 0 2 10000 
18200200 Lap 0 33 0 49 2 10000 
18267874 Lap 12 31 0 250934 0 10000 
18274368 Lap 15 33 0 732075 2 10000 
18278722 Lap 18 33 0 726773 2 10000 
18287850 Lap 13 33 0 235536 2 10000 
18377533 Lap 6 34 0 1144512 2 10000 
18379311 Lap 11 33 0 137353 2 10000 
18438278 Lap 1 34 0 1040022 2 10000 
18463492 Lap 3 34 0 186987 2 10000 
18468340 Lap 17 33 0 252026 1 10000 
18478594 Lap 2 34 0 864333 1 10000 
18482502 Lap 9 34 0 808781 1 10000 
18510400 PitIn 5 33 0 1151850 2 10000 
18542000 PitOut 5 33 0 0 1 10000 
18544008 Lap 5 34 0 0 1 10000 
18556154 Lap 10 32 0 310854 2 10000 
18568722 Lap 19 33 0 283629 1 10000 
18610877 Lap 4 34 0 244094 2 10000 
18616602 Lap 8 34 0 1163337 2 10000 
18647160 Lap 14 34 0 314083 2 10000 
18682279 Lap 7 34 0 809808 1 10000 
18727864 Lap 16 34 0 1129750 2 10000 
18771687 Lap 0 34 0 56461 2 10000 
18816594 Lap 15 34 0 794769 2 10000 
18825015 Lap 18 34 0 786351 2 10000 
18835039 Lap 13 34 0 295290 2 10000 
18859654 Lap 12 32 0 322550 0 10000 
18921378 Lap 11 34 0 197825 2 10000 
18963178 Lap 6 35 0 1205242 2 10000 
18964600 PitIn 6 35 0 1205246 2 10000 
18993888 Lap 3 35 0 249296 2 10000 
18996400 PitOut 6 35 0 0 1 10000 
19013508 Lap 2 35 0 927391 1 10000 
19017033 Lap 9 35 0 869076 1 10000 
19019200 PitIn 1 34 0 1101812 2 10000 
19020970 Lap 17 34 0 323943 1 10000 
19051200 PitOut 1 34 0 0 1 10000 
19056034 Lap 1 35 0 0 1 10000 
19102595 Lap 10 33 0 371969 2 10000 
19118651 Lap 5 35 0 59807 1 10000 
19118880 Lap 19 34 0 342792 1 10000 
19140322 Lap 4 35 0 307897 2 10000 
19181767 Lap 14 35 0 376782 2 10000 
19198000 PitIn 8 34 0 1225825 2 10000 
19198600 PitOut 8 34 0 1225825 2 10000 
19199200 PitIn 8 34 0 1225825 2 10000 
19218498 Lap 7 35 0 869550 1 10000 
19231000 PitOut 8 34 0 0 1 10000 
19232964 Lap 8 35 0 0 1 10000 
19270709 Lap 16 35 0 1191866 2 10000 
19301237 Lap 0 35 0 117513 2 10000 
19358718 Lap 15 35 0 859881 2 10000 
19363648 Lap 18 35 0 847768 2 10000 
19368036 Lap 13 35 0 357543 2 10000 
19397107 Lap 12 33 0 382895 0 10000 
19455317 Lap 11 35 0 259720 2 10000 
19521035 Lap 3 36 0 310445 2 10000 
19564658 Lap 17 35 0 383924 1 10000 
19576567 Lap 6 36 0 55115 1 10000 
19599200 PitIn 2 35 0 989726 1 10000 
19605600 PitIn 9 35 0 932969 1 10000 
19606200 PitOut 9 35 0 932969 1 10000 
19606600 PitIn 9 35 0 932969 1 10000 
19624010 Lap 1 36 0 56546 1 10000 
19630200 PitOut 2 35 0 0 1 10000 
19638200 PitOut 9 35 0 0 1 10000 
19638158 Lap 2 36 0 33 1 10000 
19647525 Lap 5 36 0 126484 1 10000 
19658491 Lap 10 34 0 435042 2 10000 
19671150 Lap 4 36 0 368421 2 10000 
19681384 Lap 19 35 0 399459 1 10000 
19684699 Lap 9 36 0 348 1 10000 
19715063 Lap 14 36 0 437320 2 10000 
19762722 Lap 7 36 0 927602 1 10000 
19808729 Lap 8 36 0 63307 1 10000 
19812602 Lap 16 36 0 1254178 2 10000 
19832086 Lap 0 36 0 179371 2 10000 
19894316 Lap 15 36 0 925289 2 10000 
19901067 Lap 18 36 0 907269 2 10000 
19906756 Lap 13 36 0 419042 2 10000 
19940892 Lap 12 34 0 440891 0 10000 
19995541 Lap 11 36 0 324092 2 10000 
20050272 Lap 3 37 0 372273 2 10000 
20099820 Lap 17 36 0 441973 1 10000 
20104564 Lap 6 37 0 113842 1 10000 
20151478 Lap 1 37 0 116286 1 10000 
20171584 Lap 5 37 0 190780 1 10000 
20210746 Lap 10 35 0 497417 2 10000 
20211600 Lap 2 37 0 60808 1 10000 
20214232 Lap 4 37 0 429714 2 10000 
20230683 Lap 19 36 0 456584 1 10000 
20247076 Lap 9 37 0 59401 1 10000 
20251347 Lap 14 37 0 497579 2 10000 
20304014 Lap 7 37 0 984123 1 10000 
20332780 Lap 8 37 0 126655 1 10000 
20347586 Lap 16 37 0 1317092 2 10000 
20359115 Lap 0 37 0 240899 2 10000 
20429323 Lap 15 37 0 986804 2 10000 
20435291 Lap 18 37 0 967943 2 10000 
20443066 Lap 13 37 0 477927 2 10000 
20532155 Lap 11 37 0 386569 2 10000 
20536000 PitIn 12 34 0 501782 0 10000 
20536600 PitOut 12 34 0 501782 0 10000 
20538600 PitIn 12 34 0 501782 0 10000 
20573400 PitOut 12 34 0 0 0 10000 
20582178 Lap 12 35 0 9 0 10000 
20584984 Lap 3 38 0 433625 2 10000 
20634123 Lap 17 37 0 500553 1 10000 
20642043 Lap 6 38 0 171129 1 10000 
20678779 Lap 1 38 0 178355 1 10000 
20701073 Lap 5 38 0 253756 1 10000 
20741813 Lap 2 38 0 126721 1 10000 
20750717 Lap 4 38 0 496473 2 10000 
20781515 Lap 9 38 0 122321 1 10000 
20791251 Lap 14 38 0 558944 2 10000 
20795863 Lap 19 37 0 515941 1 10000 
20806004 Lap 10 36 0 569276 2 10000 
20848068 Lap 7 38 0 1043478 1 10000 
20856427 Lap 8 38 0 193056 1 10000 
20882008 Lap 16 38 0 1382289 2 10000 
20887326 Lap 0 38 0 301691 2 10000 
20971522 Lap 18 38 0 1028372 2 10000 
21022943 Lap 15 38 0 1058682 2 10000 
21042453 Lap 13 38 0 539394 2 10000 
21068515 Lap 11 38 0 448382 2 10000 
21112260 Lap 3 39 0 495605 2 10000 
21169207 Lap 6 39 0 232139 1 10000 
21173117 Lap 12 36 0 54073 0 10000 
21186216 Lap 17 38 0 570279 1 10000 
21205502 Lap 1 39 0 239961 1 10000 
21229473 Lap 5 39 0 317291 1 10000 
21268911 Lap 2 39 0 189334 1 10000 
21281356 Lap 4 39 0 557924 2 10000 
21311360 Lap 9 39 0 191571 1 10000 
21325033 Lap 14 39 0 620915 2 10000 
21344187 Lap 19 38 0 574478 1 10000 
21367081 Lap 10 37 0 632446 2 10000 
21393392 Lap 7 39 0 1100245 1 10000 
21420650 Lap 16 39 0 1448489 2 10000 
21423072 Lap 0 39 0 363143 2 10000 
21446461 Lap 8 39 0 268186 1 10000 
21520189 Lap 18 39 0 1086072 2 10000 
21567945 Lap 15 39 0 1125901 2 10000 
21606379 Lap 11 39 0 510367 2 10000 
21645380 Lap 3 40 0 555826 2 10000 
21703699 Lap 6 40 0 290191 1 10000 
21720720 Lap 17 39 0 634721 1 10000 
21752267 Lap 1 40 0 299244 1 10000 
21772642 Lap 12 37 0 112768 0 10000 
21772844 Lap 5 40 0 377893 1 10000 
21798934 Lap 2 40 0 258887 1 10000 
21815732 Lap 4 40 0 621649 2 10000 
21828939 Lap 13 39 0 633592 2 10000 
21838371 Lap 9 40 0 255448 1 10000 
21854113 Lap 14 40 0 686900 2 10000 
21886930 Lap 19 39 0 631879 1 10000 
21911643 Lap 10 38 0 693534 2 10000 
21961394 Lap 16 40 0 1509899 2 10000 
21962200 Lap 0 40 0 426265 2 10000 
21968467 Lap 8 40 0 332560 1 10000 
21976200 PitIn 7 39 0 1155346 1 10000 
21976800 PitOut 7 39 0 1155346 1 10000 
21977400 PitIn 7 39 0 1155346 1 10000 
22010000 PitOut 7 39 0 0 0 10000 
22031192 Lap 7 40 0 94 0 10000 
22063139 Lap 18 40 0 1147401 2 10000 
22117653 Lap 15 40 0 1185699 2 10000 
22150843 Lap 11 40 0 575890 2 10000 
22175716 Lap 3 41 0 618430 2 10000 
22230289 Lap 6 41 0 348445 1 10000 
22259869 Lap 17 40 0 694453 1 10000 
22284621 Lap 1 41 0 358898 1 10000 
22297854 Lap 5 41 0 440441 1 10000 
22329956 Lap 12 38 0 171683 0 10000 
22330637 Lap 2 41 0 321369 1 10000 
22350970 Lap 4 41 0 686517 2 10000 
22367537 Lap 9 41 0 317536 1 10000 
22390776 Lap 14 41 0 750860 2 10000 
22406259 Lap 13 40 0 699818 2 10000 
22429801 Lap 19 40 0 689558 1 10000 
22462738 Lap 10 39 0 760100 2 10000 
22500683 Lap 8 41 0 396420 1 10000 
22503418 Lap 0 41 0 486430 2 10000 
22544800 PitIn 16 40 0 1573912 2 10000 
22545200 PitOut 16 40 0 1573912 2 10000 
22545800 PitIn 16 40 0 1573912 2 10000 
22576600 PitOut 16 40 0 0 0 10000 
22587714 Lap 16 41 0 40 0 10000 
22605916 Lap 7 41 0 52658 0 10000 
22612739 Lap 18 41 0 1205906 2 10000 
22690356 Lap 11 41 0 636436 2 10000 
22705600 PitIn 15 40 0 1245793 2 10000 
22706200 PitOut 15 40 0 1245793 2 10000 
22708200 PitIn 15 40 0 1245793 2 10000 
22712230 Lap 3 42 0 679143 2 10000 
22738800 PitOut 15 40 0 0 0 10000 
22750344 Lap 15 41 0 21 0 10000 
22756991 Lap 6 42 0 408980 1 10000 
22794031 Lap 17 41 0 753833 1 10000 
22812325 Lap 1 42 0 419770 1 10000 
22822251 Lap 5 42 0 503979 1 10000 
22861718 Lap 2 42 0 383644 1 10000 
22872592 Lap 12 39 0 235423 0 10000 
22879633 Lap 4 42 0 751447 2 10000 
22889703 Lap 9 42 0 385421 1 10000 
22923701 Lap 14 42 0 814208 2 10000 
22948851 Lap 13 41 0 758822 2 10000 
22977580 Lap 19 41 0 747162 1 10000 
23023432 Lap 8 42 0 459119 1 10000 
23040581 Lap 0 42 0 551116 2 10000 
23068487 Lap 10 40 0 841986 2 10000 
23139295 Lap 7 42 0 110517 0 10000 
23164380 Lap 18 42 0 1264371 2 10000 
23219167 Lap 16 42 0 59969 0 10000 
23230658 Lap 11 42 0 699215 2 10000 
23239706 Lap 3 43 0 740339 2 10000 
23284322 Lap 6 43 0 469045 1 10000 
23320282 Lap 15 42 0 58076 0 10000 
23330901 Lap 17 42 0 813639 1 10000 
23343940 Lap 1 43 0 481556 1 10000 
23352967 Lap 5 43 0 566190 1 10000 
23393394 Lap 2 43 0 445209 1 10000 
23416054 Lap 4 43 0 811904 2 10000 
23429219 Lap 9 43 0 447811 1 10000 
23432440 Lap 12 40 0 314220 0 10000 
23457479 Lap 14 43 0 877266 2 10000 
23524918 Lap 19 42 0 804959 1 10000 
23548749 Lap 8 43 0 521758 1 10000 
23571011 Lap 0 43 0 611669 2 10000 
23593874 Lap 13 42 0 819934 2 10000 
23617483 Lap 10 41 0 901307 2 10000 
23677964 Lap 7 43 0 168493 0 10000 
23711311 Lap 18 43 0 1323190 2 10000 
23752792 Lap 16 43 0 120911 0 10000 
23762948 Lap 11 43 0 760530 2 10000 
23767878 Lap 3 44 0 804173 2 10000 
23811568 Lap 6 44 0 527428 1 10000 
23852366 Lap 15 43 0 118973 0 10000 
23871562 Lap 17 43 0 879799 1 10000 
23873535 Lap 1 44 0 543922 1 10000 
23891315 Lap 5 44 0 642847 1 10000 
23920543 Lap 2 44 0 507903 1 10000 
23949995 Lap 4 44 0 874427 2 10000 
23957946 Lap 9 44 0 509606 1 10000 
24005371 Lap 14 44 0 939896 2 10000 
24006159 Lap 12 41 0 385098 0 10000 
24069335 Lap 19 43 0 863780 1 10000 
24086736 Lap 8 44 0 586577 1 10000 
24100744 Lap 0 44 0 672533 2 10000 
24174369 Lap 13 43 0 889472 2 10000 
24175401 Lap 10 42 0 961528 2 10000 
24206404 Lap 7 44 0 229790 0 10000 
24258793 Lap 18 44 0 1390974 2 10000 
24284192 Lap 16 44 0 183529 0 10000 
24295193 Lap 11 44 0 827112 2 10000 
24300228 Lap 3 45 0 867043 2 10000 
24340897 Lap 6 45 0 587250 1 10000 
24404799 Lap 1 45 0 604764 1 10000 
24416832 Lap 5 45 0 706851 1 10000 
24417062 Lap 17 44 0 938170 1 10000 
24457598 Lap 2 45 0 572466 1 10000 
24463173 Lap 15 44 0 181082 0 10000 
24481709 Lap 4 45 0 941345 2 10000 
24487282 Lap 9 45 0 573124 1 10000 
24545293 Lap 14 45 0 1001921 2 10000 
24614966 Lap 8 45 0 650844 1 10000 
24617261 Lap 12 42 0 456618 0 10000 
24633731 Lap 0 45 0 733884 2 10000 
24638582 Lap 19 44 0 930487 1 10000 
24715131 Lap 13 44 0 951022 2 10000 
24737458 Lap 10 43 0 1027792 2 10000 
24741800 Lap 7 45 0 285730 0 10000 
24804447 Lap 18 45 0 1448378 2 10000 
24815688 Lap 16 45 0 245991 0 10000 
24825390 Lap 11 45 0 894835 2 10000 
24835439 Lap 3 46 0 928399 2 10000 
24877453 Lap 6 46 0 645779 1 10000 
24934242 Lap 1 46 0 666290 1 10000 
24944324 Lap 5 46 0 769663 1 10000 
24964508 Lap 17 45 0 997322 1 10000 
24987493 Lap 2 46 0 634344 1 10000 
25015594 Lap 4 46 0 1005171 2 10000 
25020124 Lap 9 46 0 637829 1 10000 
25054416 Lap 15 45 0 237723 0 10000 
25081983 Lap 14 46 0 1064266 2 10000 
25140200 Lap 8 46 0 714114 1 10000 
25163426 Lap 12 43 0 516198 0 10000 
25166342 Lap 0 46 0 795092 2 10000 
25187028 Lap 19 45 0 987944 1 10000 
25265696 Lap 13 45 0 1011318 2 10000 
25278809 Lap 7 46 0 342391 0 10000 
25295138 Lap 10 44 0 1093681 2 10000 
25362077 Lap 16 46 0 307301 0 10000 
25362675 Lap 11 46 0 960077 2 10000 
25367914 Lap 18 46 0 1509485 2 10000 
25368849 Lap 3 47 0 988562 2 10000 
25408262 Lap 6 47 0 705322 1 10000 
25468318 Lap 1 47 0 726432 1 10000 
25477031 Lap 5 47 0 830657 1 10000 
25522389 Lap 2 47 0 699476 1 10000 
25525089 Lap 17 46 0 1055633 1 10000 
25545277 Lap 4 47 0 1067635 2 10000 
25549612 Lap 9 47 0 699004 1 10000 
25597527 Lap 15 46 0 295891 0 10000 
25617090 Lap 14 47 0 1124502 2 10000 
25669620 Lap 8 47 0 778393 1 10000 
25701602 Lap 0 47 0 855230 2 10000 
25733588 Lap 19 46 0 1046508 1 10000 
25812594 Lap 7 47 0 400402 0 10000 
25817422 Lap 13 46 0 1070905 2 10000 
25847334 Lap 12 44 0 594724 0 10000 
25851238 Lap 10 45 0 1155574 2 10000 
25903813 Lap 16 47 0 368512 0 10000 
25904321 Lap 11 47 0 1024914 2 10000 
25918940 Lap 3 48 0 1045413 2 10000 
25922488 Lap 18 47 0 1570148 2 10000 
25938416 Lap 6 48 0 765319 1 10000 
25998912 Lap 1 48 0 786969 1 10000 
26007680 Lap 5 48 0 893211 1 10000 
26058152 Lap 2 48 0 764194 1 10000 
26074893 Lap 17 47 0 1112022 1 10000 
26090000 Lap 4 48 0 1133443 2 10000 
26090067 Lap 9 48 0 762175 1 10000 
26131421 Lap 15 47 0 359255 0 10000 
26153060 Lap 14 48 0 1186333 2 10000 
26193198 Lap 8 48 0 844970 1 10000 
26230673 Lap 0 48 0 917292 2 10000 
26285675 Lap 19 47 0 1105734 1 10000 
26345989 Lap 7 48 0 456940 0 10000 
26366005 Lap 13 47 0 1135545 2 10000 
26421148 Lap 10 46 0 1223015 2 10000 
26449320 Lap 11 48 0 1086703 2 10000 
26451204 Lap 16 48 0 430686 0 10000 
26457555 Lap 3 49 0 1105379 2 10000 
26474704 Lap 6 49 0 824083 1 10000 
26483044 Lap 12 45 0 675180 0 10000 
26483668 Lap 18 48 0 1637517 2 10000 
26533724 Lap 1 49 0 845472 1 10000 
26537468 Lap 5 49 0 958456 1 10000 
26596487 Lap 2 49 0 825556 1 10000 
26625296 Lap 17 48 0 1176780 1 10000 
26642117 Lap 4 49 0 1196491 2 10000 
26643388 Lap 9 49 0 825723 1 10000 
26664416 Lap 15 48 0 420753 0 10000 
26686799 Lap 14 49 0 1253907 2 10000 
26726265 Lap 8 49 0 915842 1 10000 
26767777 Lap 0 49 0 977435 2 10000 
26835520 Lap 19 48 0 1166319 1 10000 
26887837 Lap 7 49 0 514741 0 10000 
26919873 Lap 13 48 0 1192467 2 10000 
26981650 Lap 10 47 0 1283442 2 10000 
27000061 Lap 16 49 0 492895 0 10000 
27002179 Lap 3 50 0 1163381 2 10000 
27004840 Lap 11 49 0 1153439 2 10000 
27006177 Lap 6 50 0 884415 1 10000 
27044566 Lap 12 46 0 746146 0 10000 
27044700 Lap 18 49 0 1701695 2 10000 
27067642 Lap 1 50 0 906627 1 10000 
27070179 Lap 5 50 0 1021199 1 10000 
27131091 Lap 2 50 0 886732 1 10000 
27176569 Lap 17 49 0 1235049 1 10000 
27184352 Lap 4 50 0 1256749 2 10000 
27192752 Lap 9 50 0 886905 1 10000 
27227522 Lap 14 50 0 1316752 2 10000 
27284771 Lap 15 49 0 480283 0 10000 
27293083 Lap 8 50 0 981427 1 10000 
27312970 Lap 0 50 0 1039524 2 10000 
27399547 Lap 19 49 0 1223908 1 10000 
27428222 Lap 7 50 0 572236 0 10000 
27536957 Finished 3 51 0 1223515 2 10000 
27543973 Finished 13 49 0 1249255 2 10000 
27546400 PitIn 10 47 0 1342583 2 10000 
27546490 Finished 6 51 0 948040 1 10000 
27547000 PitOut 10 47 0 1342583 2 10000 
27549800 PitIn 10 47 0 1342583 2 10000 
27552599 Finished 16 50 0 550678 0 10000 
27559067 Finished 11 50 0 1218310 2 10000 
27582200 PitOut 10 47 0 0 0 10000 
27609609 Finished 1 51 0 966919 1 10000 
27614632 Finished 5 51 0 1086022 1 10000 
27619012 Finished 18 50 0 1763774 2 10000 
27627175 Finished 12 47 0 818932 0 10000 
27648035 Finished 10 48 0 647 0 10000 
27670361 Finished 2 51 0 945436 1 10000 
27733732 Finished 9 51 0 956587 1 10000 
27734147 Finished 4 51 0 1317008 2 10000 
27740820 Finished 17 50 0 1296022 1 10000 
27766233 Finished 14 51 0 1381536 2 10000 
27831052 Finished 8 51 0 1043386 1 10000 
27832404 Finished 15 50 0 542330 0 10000 
27845784 Finished 0 51 0 1101753 2 10000 
27961511 Finished 19 50 0 1281797 1 10000 
27969579 Finished 7 51 0 632562 0 10000 
